01-31 14:52 INFO     Dataset: cifar10, Portion: 0.1, Method: default_rel_loss, Batch Size: 256, Number of Parties: 5, Temperature: 0.1, Teacher Temperature: 0.1, Student Temperature: 0.1, Epochs: 5, Log Date: 2025-01-31 14:52:13
01-31 14:52 INFO     cuda:1
01-31 14:52 INFO     Partitioning data
01-31 14:52 INFO     Data statistics: {0: {np.int64(0): np.int64(3), np.int64(1): np.int64(7), np.int64(2): np.int64(143), np.int64(3): np.int64(112), np.int64(4): np.int64(4), np.int64(5): np.int64(23), np.int64(6): np.int64(12), np.int64(7): np.int64(55), np.int64(8): np.int64(62), np.int64(9): np.int64(389)}, 1: {np.int64(0): np.int64(131), np.int64(1): np.int64(86), np.int64(2): np.int64(125), np.int64(4): np.int64(84), np.int64(5): np.int64(212), np.int64(6): np.int64(43), np.int64(7): np.int64(429)}, 2: {np.int64(0): np.int64(188), np.int64(1): np.int64(11), np.int64(2): np.int64(122), np.int64(3): np.int64(4), np.int64(4): np.int64(119), np.int64(5): np.int64(205), np.int64(6): np.int64(150), np.int64(8): np.int64(356)}, 3: {np.int64(0): np.int64(156), np.int64(1): np.int64(152), np.int64(2): np.int64(33), np.int64(3): np.int64(104), np.int64(4): np.int64(98), np.int64(5): np.int64(79), np.int64(7): np.int64(17), np.int64(8): np.int64(64), np.int64(9): np.int64(115)}, 4: {np.int64(0): np.int64(25), np.int64(1): np.int64(227), np.int64(2): np.int64(64), np.int64(3): np.int64(307), np.int64(4): np.int64(168), np.int64(5): np.int64(29), np.int64(6): np.int64(286), np.int64(7): np.int64(1)}}
01-31 14:52 INFO     Initializing nets
01-31 14:52 INFO     in comm round:0
01-31 14:52 INFO     Training network 0. n_training: 810
01-31 14:52 INFO     Training network 0
01-31 14:52 INFO     n_training: 6
01-31 14:52 INFO     n_test: 20
01-31 14:52 INFO     Epoch: 0 Loss: 12.904019
01-31 14:52 INFO     Epoch: 1 Loss: 10.304950
01-31 14:52 INFO     Epoch: 2 Loss: 9.811585
01-31 14:52 INFO     Epoch: 3 Loss: 8.966264
01-31 14:52 INFO     Epoch: 4 Loss: 8.163705
01-31 14:52 INFO      ** Training complete **
01-31 14:52 INFO     Training network 1. n_training: 1110
01-31 14:52 INFO     Training network 1
01-31 14:52 INFO     n_training: 8
01-31 14:52 INFO     n_test: 20
01-31 14:52 INFO     Epoch: 0 Loss: 12.296648
01-31 14:53 INFO     Epoch: 1 Loss: 10.050165
01-31 14:53 INFO     Epoch: 2 Loss: 9.096649
01-31 14:53 INFO     Epoch: 3 Loss: 8.188171
01-31 14:53 INFO     Epoch: 4 Loss: 7.371316
01-31 14:53 INFO      ** Training complete **
01-31 14:53 INFO     Training network 2. n_training: 1155
01-31 14:53 INFO     Training network 2
01-31 14:53 INFO     n_training: 9
01-31 14:53 INFO     n_test: 20
01-31 14:54 INFO     Epoch: 0 Loss: 12.046375
01-31 14:56 INFO     Epoch: 1 Loss: 9.890777
01-31 14:57 INFO     Epoch: 2 Loss: 8.753982
01-31 14:57 INFO     Epoch: 3 Loss: 8.035673
01-31 14:57 INFO     Epoch: 4 Loss: 7.310080
01-31 14:57 INFO      ** Training complete **
01-31 14:57 INFO     Training network 3. n_training: 818
01-31 14:57 INFO     Training network 3
01-31 14:57 INFO     n_training: 6
01-31 14:57 INFO     n_test: 20
01-31 14:57 INFO     Epoch: 0 Loss: 12.943976
01-31 14:57 INFO     Epoch: 1 Loss: 10.198946
01-31 14:58 INFO     Epoch: 2 Loss: 9.677689
01-31 14:58 INFO     Epoch: 3 Loss: 8.977006
01-31 14:58 INFO     Epoch: 4 Loss: 8.218967
01-31 14:58 INFO      ** Training complete **
01-31 14:58 INFO     Training network 4. n_training: 1107
01-31 14:58 INFO     Training network 4
01-31 14:58 INFO     n_training: 8
01-31 14:58 INFO     n_test: 20
01-31 14:58 INFO     Epoch: 0 Loss: 12.272457
01-31 14:58 INFO     Epoch: 1 Loss: 10.124138
01-31 14:58 INFO     Epoch: 2 Loss: 9.108977
01-31 14:58 INFO     Epoch: 3 Loss: 8.126705
01-31 14:58 INFO     Epoch: 4 Loss: 7.386633
01-31 14:58 INFO      ** Training complete **
01-31 15:01 INFO     >> Global Model Test accuracy Top1: 42.310000
01-31 15:01 INFO     >> Global Model Test accuracy Top5: 89.000000
01-31 15:01 INFO     in comm round:1
01-31 15:01 INFO     Training network 0. n_training: 810
01-31 15:01 INFO     Training network 0
01-31 15:01 INFO     n_training: 6
01-31 15:01 INFO     n_test: 20
01-31 15:01 INFO     Epoch: 0 Loss: 14.974143
01-31 15:01 INFO     Epoch: 1 Loss: 10.811541
01-31 15:01 INFO     Epoch: 2 Loss: 7.754941
01-31 15:01 INFO     Epoch: 3 Loss: 6.559947
01-31 15:01 INFO     Epoch: 4 Loss: 5.717209
01-31 15:01 INFO      ** Training complete **
01-31 15:01 INFO     Training network 1. n_training: 1110
01-31 15:01 INFO     Training network 1
01-31 15:01 INFO     n_training: 8
01-31 15:01 INFO     n_test: 20
01-31 15:02 INFO     Epoch: 0 Loss: 14.379075
01-31 15:02 INFO     Epoch: 1 Loss: 8.977432
01-31 15:02 INFO     Epoch: 2 Loss: 6.758649
01-31 15:02 INFO     Epoch: 3 Loss: 5.711256
01-31 15:02 INFO     Epoch: 4 Loss: 5.164669
01-31 15:02 INFO      ** Training complete **
01-31 15:02 INFO     Training network 2. n_training: 1155
01-31 15:02 INFO     Training network 2
01-31 15:02 INFO     n_training: 9
01-31 15:02 INFO     n_test: 20
01-31 15:02 INFO     Epoch: 0 Loss: 14.074528
01-31 15:02 INFO     Epoch: 1 Loss: 8.403597
01-31 15:02 INFO     Epoch: 2 Loss: 6.373808
01-31 15:03 INFO     Epoch: 3 Loss: 5.421008
01-31 15:03 INFO     Epoch: 4 Loss: 4.941470
01-31 15:03 INFO      ** Training complete **
01-31 15:03 INFO     Training network 3. n_training: 818
01-31 15:03 INFO     Training network 3
01-31 15:03 INFO     n_training: 6
01-31 15:03 INFO     n_test: 20
01-31 15:03 INFO     Epoch: 0 Loss: 14.983194
01-31 15:03 INFO     Epoch: 1 Loss: 10.798268
01-31 15:03 INFO     Epoch: 2 Loss: 7.726495
01-31 15:03 INFO     Epoch: 3 Loss: 6.627015
01-31 15:03 INFO     Epoch: 4 Loss: 5.875613
01-31 15:03 INFO      ** Training complete **
01-31 15:03 INFO     Training network 4. n_training: 1107
01-31 15:03 INFO     Training network 4
01-31 15:03 INFO     n_training: 8
01-31 15:03 INFO     n_test: 20
01-31 15:03 INFO     Epoch: 0 Loss: 14.315814
01-31 15:03 INFO     Epoch: 1 Loss: 8.979587
01-31 15:03 INFO     Epoch: 2 Loss: 6.758866
01-31 15:03 INFO     Epoch: 3 Loss: 5.719863
01-31 15:03 INFO     Epoch: 4 Loss: 5.082920
01-31 15:03 INFO      ** Training complete **
01-31 15:06 INFO     >> Global Model Test accuracy Top1: 44.530000
01-31 15:06 INFO     >> Global Model Test accuracy Top5: 90.560000
01-31 15:06 INFO     in comm round:2
01-31 15:06 INFO     Training network 0. n_training: 810
01-31 15:06 INFO     Training network 0
01-31 15:06 INFO     n_training: 6
01-31 15:06 INFO     n_test: 20
01-31 15:06 INFO     Epoch: 0 Loss: 7.698514
01-31 15:06 INFO     Epoch: 1 Loss: 5.622800
01-31 15:06 INFO     Epoch: 2 Loss: 4.330313
01-31 15:06 INFO     Epoch: 3 Loss: 3.606377
01-31 15:06 INFO     Epoch: 4 Loss: 3.138075
01-31 15:06 INFO      ** Training complete **
01-31 15:06 INFO     Training network 1. n_training: 1110
01-31 15:06 INFO     Training network 1
01-31 15:06 INFO     n_training: 8
01-31 15:06 INFO     n_test: 20
01-31 15:06 INFO     Epoch: 0 Loss: 7.234378
01-31 15:06 INFO     Epoch: 1 Loss: 4.943313
01-31 15:06 INFO     Epoch: 2 Loss: 3.702951
01-31 15:06 INFO     Epoch: 3 Loss: 3.087160
01-31 15:07 INFO     Epoch: 4 Loss: 2.830712
01-31 15:07 INFO      ** Training complete **
01-31 15:07 INFO     Training network 2. n_training: 1155
01-31 15:07 INFO     Training network 2
01-31 15:07 INFO     n_training: 9
01-31 15:07 INFO     n_test: 20
01-31 15:07 INFO     Epoch: 0 Loss: 7.119860
01-31 15:07 INFO     Epoch: 1 Loss: 4.683360
01-31 15:07 INFO     Epoch: 2 Loss: 3.502246
01-31 15:07 INFO     Epoch: 3 Loss: 3.027216
01-31 15:07 INFO     Epoch: 4 Loss: 2.755002
01-31 15:07 INFO      ** Training complete **
01-31 15:07 INFO     Training network 3. n_training: 818
01-31 15:07 INFO     Training network 3
01-31 15:07 INFO     n_training: 6
01-31 15:07 INFO     n_test: 20
01-31 15:07 INFO     Epoch: 0 Loss: 7.635854
01-31 15:07 INFO     Epoch: 1 Loss: 5.606392
01-31 15:07 INFO     Epoch: 2 Loss: 4.321593
01-31 15:07 INFO     Epoch: 3 Loss: 3.520286
01-31 15:07 INFO     Epoch: 4 Loss: 3.210945
01-31 15:07 INFO      ** Training complete **
01-31 15:07 INFO     Training network 4. n_training: 1107
01-31 15:07 INFO     Training network 4
01-31 15:07 INFO     n_training: 8
01-31 15:07 INFO     n_test: 20
01-31 15:07 INFO     Epoch: 0 Loss: 7.274508
01-31 15:08 INFO     Epoch: 1 Loss: 4.917752
01-31 15:08 INFO     Epoch: 2 Loss: 3.581864
01-31 15:08 INFO     Epoch: 3 Loss: 3.042637
01-31 15:08 INFO     Epoch: 4 Loss: 2.895881
01-31 15:08 INFO      ** Training complete **
01-31 15:10 INFO     >> Global Model Test accuracy Top1: 44.560000
01-31 15:10 INFO     >> Global Model Test accuracy Top5: 90.830000
01-31 15:10 INFO     in comm round:3
01-31 15:10 INFO     Training network 0. n_training: 810
01-31 15:10 INFO     Training network 0
01-31 15:10 INFO     n_training: 6
01-31 15:10 INFO     n_test: 20
01-31 15:10 INFO     Epoch: 0 Loss: 3.361270
01-31 15:10 INFO     Epoch: 1 Loss: 2.926790
01-31 15:10 INFO     Epoch: 2 Loss: 2.541000
01-31 15:10 INFO     Epoch: 3 Loss: 2.405676
01-31 15:11 INFO     Epoch: 4 Loss: 2.349983
01-31 15:11 INFO      ** Training complete **
01-31 15:11 INFO     Training network 1. n_training: 1110
01-31 15:11 INFO     Training network 1
01-31 15:11 INFO     n_training: 8
01-31 15:11 INFO     n_test: 20
01-31 15:11 INFO     Epoch: 0 Loss: 3.208271
01-31 15:11 INFO     Epoch: 1 Loss: 2.692427
01-31 15:11 INFO     Epoch: 2 Loss: 2.519291
01-31 15:11 INFO     Epoch: 3 Loss: 2.312973
01-31 15:11 INFO     Epoch: 4 Loss: 2.107068
01-31 15:11 INFO      ** Training complete **
01-31 15:11 INFO     Training network 2. n_training: 1155
01-31 15:11 INFO     Training network 2
01-31 15:11 INFO     n_training: 9
01-31 15:11 INFO     n_test: 20
01-31 15:11 INFO     Epoch: 0 Loss: 3.295597
01-31 15:11 INFO     Epoch: 1 Loss: 2.773575
01-31 15:11 INFO     Epoch: 2 Loss: 2.469437
01-31 15:11 INFO     Epoch: 3 Loss: 2.307350
01-31 15:11 INFO     Epoch: 4 Loss: 2.074424
01-31 15:11 INFO      ** Training complete **
01-31 15:11 INFO     Training network 3. n_training: 818
01-31 15:11 INFO     Training network 3
01-31 15:11 INFO     n_training: 6
01-31 15:11 INFO     n_test: 20
01-31 15:12 INFO     Epoch: 0 Loss: 3.284277
01-31 15:12 INFO     Epoch: 1 Loss: 2.976123
01-31 15:12 INFO     Epoch: 2 Loss: 2.636118
01-31 15:12 INFO     Epoch: 3 Loss: 2.491914
01-31 15:12 INFO     Epoch: 4 Loss: 2.302549
01-31 15:12 INFO      ** Training complete **
01-31 15:12 INFO     Training network 4. n_training: 1107
01-31 15:12 INFO     Training network 4
01-31 15:12 INFO     n_training: 8
01-31 15:12 INFO     n_test: 20
01-31 15:12 INFO     Epoch: 0 Loss: 3.271267
01-31 15:12 INFO     Epoch: 1 Loss: 2.833795
01-31 15:12 INFO     Epoch: 2 Loss: 2.586374
01-31 15:12 INFO     Epoch: 3 Loss: 2.404189
01-31 15:12 INFO     Epoch: 4 Loss: 2.253043
01-31 15:12 INFO      ** Training complete **
01-31 15:15 INFO     >> Global Model Test accuracy Top1: 45.860000
01-31 15:15 INFO     >> Global Model Test accuracy Top5: 90.910000
01-31 15:15 INFO     in comm round:4
01-31 15:15 INFO     Training network 0. n_training: 810
01-31 15:15 INFO     Training network 0
01-31 15:15 INFO     n_training: 6
01-31 15:15 INFO     n_test: 20
01-31 15:15 INFO     Epoch: 0 Loss: 2.356435
01-31 15:15 INFO     Epoch: 1 Loss: 2.182995
01-31 15:15 INFO     Epoch: 2 Loss: 1.985615
01-31 15:15 INFO     Epoch: 3 Loss: 1.984735
01-31 15:15 INFO     Epoch: 4 Loss: 1.854588
01-31 15:15 INFO      ** Training complete **
01-31 15:15 INFO     Training network 1. n_training: 1110
01-31 15:15 INFO     Training network 1
01-31 15:15 INFO     n_training: 8
01-31 15:15 INFO     n_test: 20
01-31 15:15 INFO     Epoch: 0 Loss: 2.225542
01-31 15:15 INFO     Epoch: 1 Loss: 2.102558
01-31 15:15 INFO     Epoch: 2 Loss: 1.936274
01-31 15:15 INFO     Epoch: 3 Loss: 1.865005
01-31 15:15 INFO     Epoch: 4 Loss: 1.767301
01-31 15:15 INFO      ** Training complete **
01-31 15:15 INFO     Training network 2. n_training: 1155
01-31 15:15 INFO     Training network 2
01-31 15:15 INFO     n_training: 9
01-31 15:15 INFO     n_test: 20
01-31 15:15 INFO     Epoch: 0 Loss: 2.262715
01-31 15:15 INFO     Epoch: 1 Loss: 2.088182
01-31 15:15 INFO     Epoch: 2 Loss: 1.967407
01-31 15:16 INFO     Epoch: 3 Loss: 1.865989
01-31 15:16 INFO     Epoch: 4 Loss: 1.827166
01-31 15:16 INFO      ** Training complete **
01-31 15:16 INFO     Training network 3. n_training: 818
01-31 15:16 INFO     Training network 3
01-31 15:16 INFO     n_training: 6
01-31 15:16 INFO     n_test: 20
01-31 15:16 INFO     Epoch: 0 Loss: 2.341362
01-31 15:16 INFO     Epoch: 1 Loss: 2.193531
01-31 15:16 INFO     Epoch: 2 Loss: 2.071497
01-31 15:16 INFO     Epoch: 3 Loss: 2.046161
01-31 15:16 INFO     Epoch: 4 Loss: 1.842139
01-31 15:16 INFO      ** Training complete **
01-31 15:16 INFO     Training network 4. n_training: 1107
01-31 15:16 INFO     Training network 4
01-31 15:16 INFO     n_training: 8
01-31 15:16 INFO     n_test: 20
01-31 15:16 INFO     Epoch: 0 Loss: 2.220124
01-31 15:16 INFO     Epoch: 1 Loss: 2.090807
01-31 15:16 INFO     Epoch: 2 Loss: 2.046787
01-31 15:16 INFO     Epoch: 3 Loss: 1.939647
01-31 15:16 INFO     Epoch: 4 Loss: 1.859108
01-31 15:16 INFO      ** Training complete **
01-31 15:19 INFO     >> Global Model Test accuracy Top1: 46.550000
01-31 15:19 INFO     >> Global Model Test accuracy Top5: 91.010000
01-31 15:19 INFO     in comm round:5
01-31 15:19 INFO     Training network 0. n_training: 810
01-31 15:19 INFO     Training network 0
01-31 15:19 INFO     n_training: 6
01-31 15:19 INFO     n_test: 20
01-31 15:19 INFO     Epoch: 0 Loss: 1.874117
01-31 15:19 INFO     Epoch: 1 Loss: 1.759074
01-31 15:19 INFO     Epoch: 2 Loss: 1.641405
01-31 15:19 INFO     Epoch: 3 Loss: 1.731577
01-31 15:19 INFO     Epoch: 4 Loss: 1.590263
01-31 15:19 INFO      ** Training complete **
01-31 15:19 INFO     Training network 1. n_training: 1110
01-31 15:19 INFO     Training network 1
01-31 15:19 INFO     n_training: 8
01-31 15:19 INFO     n_test: 20
01-31 15:19 INFO     Epoch: 0 Loss: 1.811524
01-31 15:19 INFO     Epoch: 1 Loss: 1.791329
01-31 15:19 INFO     Epoch: 2 Loss: 1.644782
01-31 15:19 INFO     Epoch: 3 Loss: 1.665687
01-31 15:19 INFO     Epoch: 4 Loss: 1.570361
01-31 15:19 INFO      ** Training complete **
01-31 15:19 INFO     Training network 2. n_training: 1155
01-31 15:19 INFO     Training network 2
01-31 15:19 INFO     n_training: 9
01-31 15:19 INFO     n_test: 20
01-31 15:19 INFO     Epoch: 0 Loss: 1.804865
01-31 15:19 INFO     Epoch: 1 Loss: 1.776639
01-31 15:20 INFO     Epoch: 2 Loss: 1.668186
01-31 15:20 INFO     Epoch: 3 Loss: 1.566534
01-31 15:20 INFO     Epoch: 4 Loss: 1.562651
01-31 15:20 INFO      ** Training complete **
01-31 15:20 INFO     Training network 3. n_training: 818
01-31 15:20 INFO     Training network 3
01-31 15:20 INFO     n_training: 6
01-31 15:20 INFO     n_test: 20
01-31 15:20 INFO     Epoch: 0 Loss: 1.897821
01-31 15:20 INFO     Epoch: 1 Loss: 1.791616
01-31 15:20 INFO     Epoch: 2 Loss: 1.706696
01-31 15:20 INFO     Epoch: 3 Loss: 1.676114
01-31 15:20 INFO     Epoch: 4 Loss: 1.638718
01-31 15:20 INFO      ** Training complete **
01-31 15:20 INFO     Training network 4. n_training: 1107
01-31 15:20 INFO     Training network 4
01-31 15:20 INFO     n_training: 8
01-31 15:20 INFO     n_test: 20
01-31 15:20 INFO     Epoch: 0 Loss: 1.863955
01-31 15:20 INFO     Epoch: 1 Loss: 1.758237
01-31 15:20 INFO     Epoch: 2 Loss: 1.687266
01-31 15:20 INFO     Epoch: 3 Loss: 1.628326
01-31 15:20 INFO     Epoch: 4 Loss: 1.685545
01-31 15:20 INFO      ** Training complete **
01-31 15:23 INFO     >> Global Model Test accuracy Top1: 43.840000
01-31 15:23 INFO     >> Global Model Test accuracy Top5: 90.990000
01-31 15:23 INFO     in comm round:6
01-31 15:23 INFO     Training network 0. n_training: 810
01-31 15:23 INFO     Training network 0
01-31 15:23 INFO     n_training: 6
01-31 15:23 INFO     n_test: 20
01-31 15:23 INFO     Epoch: 0 Loss: 1.615397
01-31 15:23 INFO     Epoch: 1 Loss: 1.507183
01-31 15:23 INFO     Epoch: 2 Loss: 1.480390
01-31 15:23 INFO     Epoch: 3 Loss: 1.440697
01-31 15:23 INFO     Epoch: 4 Loss: 1.363836
01-31 15:23 INFO      ** Training complete **
01-31 15:23 INFO     Training network 1. n_training: 1110
01-31 15:23 INFO     Training network 1
01-31 15:23 INFO     n_training: 8
01-31 15:23 INFO     n_test: 20
01-31 15:23 INFO     Epoch: 0 Loss: 1.617332
01-31 15:23 INFO     Epoch: 1 Loss: 1.571983
01-31 15:23 INFO     Epoch: 2 Loss: 1.521743
01-31 15:23 INFO     Epoch: 3 Loss: 1.426789
01-31 15:23 INFO     Epoch: 4 Loss: 1.366945
01-31 15:23 INFO      ** Training complete **
01-31 15:23 INFO     Training network 2. n_training: 1155
01-31 15:23 INFO     Training network 2
01-31 15:23 INFO     n_training: 9
01-31 15:23 INFO     n_test: 20
01-31 15:24 INFO     Epoch: 0 Loss: 1.620123
01-31 15:24 INFO     Epoch: 1 Loss: 1.548805
01-31 15:24 INFO     Epoch: 2 Loss: 1.447413
01-31 15:24 INFO     Epoch: 3 Loss: 1.457833
01-31 15:24 INFO     Epoch: 4 Loss: 1.338888
01-31 15:24 INFO      ** Training complete **
01-31 15:24 INFO     Training network 3. n_training: 818
01-31 15:24 INFO     Training network 3
01-31 15:24 INFO     n_training: 6
01-31 15:24 INFO     n_test: 20
01-31 15:24 INFO     Epoch: 0 Loss: 1.618171
01-31 15:24 INFO     Epoch: 1 Loss: 1.564120
01-31 15:24 INFO     Epoch: 2 Loss: 1.583424
01-31 15:24 INFO     Epoch: 3 Loss: 1.448070
01-31 15:24 INFO     Epoch: 4 Loss: 1.525489
01-31 15:24 INFO      ** Training complete **
01-31 15:24 INFO     Training network 4. n_training: 1107
01-31 15:24 INFO     Training network 4
01-31 15:24 INFO     n_training: 8
01-31 15:24 INFO     n_test: 20
01-31 15:24 INFO     Epoch: 0 Loss: 1.586819
01-31 15:24 INFO     Epoch: 1 Loss: 1.572786
01-31 15:25 INFO     Epoch: 2 Loss: 1.486842
01-31 15:25 INFO     Epoch: 3 Loss: 1.408876
01-31 15:25 INFO     Epoch: 4 Loss: 1.324209
01-31 15:25 INFO      ** Training complete **
01-31 15:27 INFO     >> Global Model Test accuracy Top1: 44.900000
01-31 15:27 INFO     >> Global Model Test accuracy Top5: 91.120000
01-31 15:27 INFO     in comm round:7
01-31 15:27 INFO     Training network 0. n_training: 810
01-31 15:27 INFO     Training network 0
01-31 15:27 INFO     n_training: 6
01-31 15:27 INFO     n_test: 20
01-31 15:27 INFO     Epoch: 0 Loss: 1.400290
01-31 15:27 INFO     Epoch: 1 Loss: 1.360531
01-31 15:27 INFO     Epoch: 2 Loss: 1.323251
01-31 15:27 INFO     Epoch: 3 Loss: 1.231472
01-31 15:27 INFO     Epoch: 4 Loss: 1.242883
01-31 15:27 INFO      ** Training complete **
01-31 15:27 INFO     Training network 1. n_training: 1110
01-31 15:27 INFO     Training network 1
01-31 15:27 INFO     n_training: 8
01-31 15:27 INFO     n_test: 20
01-31 15:27 INFO     Epoch: 0 Loss: 1.351733
01-31 15:27 INFO     Epoch: 1 Loss: 1.387193
01-31 15:28 INFO     Epoch: 2 Loss: 1.307440
01-31 15:28 INFO     Epoch: 3 Loss: 1.321292
01-31 15:28 INFO     Epoch: 4 Loss: 1.217703
01-31 15:28 INFO      ** Training complete **
01-31 15:28 INFO     Training network 2. n_training: 1155
01-31 15:28 INFO     Training network 2
01-31 15:28 INFO     n_training: 9
01-31 15:28 INFO     n_test: 20
01-31 15:28 INFO     Epoch: 0 Loss: 1.392517
01-31 15:28 INFO     Epoch: 1 Loss: 1.329031
01-31 15:28 INFO     Epoch: 2 Loss: 1.285031
01-31 15:28 INFO     Epoch: 3 Loss: 1.215868
01-31 15:28 INFO     Epoch: 4 Loss: 1.180928
01-31 15:28 INFO      ** Training complete **
01-31 15:28 INFO     Training network 3. n_training: 818
01-31 15:28 INFO     Training network 3
01-31 15:28 INFO     n_training: 6
01-31 15:28 INFO     n_test: 20
01-31 15:28 INFO     Epoch: 0 Loss: 1.416603
01-31 15:28 INFO     Epoch: 1 Loss: 1.412511
01-31 15:28 INFO     Epoch: 2 Loss: 1.345597
01-31 15:28 INFO     Epoch: 3 Loss: 1.287437
01-31 15:28 INFO     Epoch: 4 Loss: 1.324776
01-31 15:28 INFO      ** Training complete **
01-31 15:28 INFO     Training network 4. n_training: 1107
01-31 15:28 INFO     Training network 4
01-31 15:28 INFO     n_training: 8
01-31 15:28 INFO     n_test: 20
01-31 15:28 INFO     Epoch: 0 Loss: 1.383985
01-31 15:29 INFO     Epoch: 1 Loss: 1.410970
01-31 15:29 INFO     Epoch: 2 Loss: 1.415019
01-31 15:29 INFO     Epoch: 3 Loss: 1.240102
01-31 15:29 INFO     Epoch: 4 Loss: 1.207345
01-31 15:29 INFO      ** Training complete **
01-31 15:31 INFO     >> Global Model Test accuracy Top1: 46.840000
01-31 15:31 INFO     >> Global Model Test accuracy Top5: 91.470000
01-31 15:31 INFO     in comm round:8
01-31 15:31 INFO     Training network 0. n_training: 810
01-31 15:31 INFO     Training network 0
01-31 15:31 INFO     n_training: 6
01-31 15:31 INFO     n_test: 20
01-31 15:31 INFO     Epoch: 0 Loss: 1.237302
01-31 15:31 INFO     Epoch: 1 Loss: 1.264171
01-31 15:31 INFO     Epoch: 2 Loss: 1.203131
01-31 15:31 INFO     Epoch: 3 Loss: 1.184204
01-31 15:31 INFO     Epoch: 4 Loss: 1.139658
01-31 15:31 INFO      ** Training complete **
01-31 15:31 INFO     Training network 1. n_training: 1110
01-31 15:31 INFO     Training network 1
01-31 15:31 INFO     n_training: 8
01-31 15:31 INFO     n_test: 20
01-31 15:31 INFO     Epoch: 0 Loss: 1.188162
01-31 15:31 INFO     Epoch: 1 Loss: 1.190517
01-31 15:32 INFO     Epoch: 2 Loss: 1.126545
01-31 15:32 INFO     Epoch: 3 Loss: 1.147721
01-31 15:32 INFO     Epoch: 4 Loss: 1.130919
01-31 15:32 INFO      ** Training complete **
01-31 15:32 INFO     Training network 2. n_training: 1155
01-31 15:32 INFO     Training network 2
01-31 15:32 INFO     n_training: 9
01-31 15:32 INFO     n_test: 20
01-31 15:32 INFO     Epoch: 0 Loss: 1.170666
01-31 15:32 INFO     Epoch: 1 Loss: 1.163855
01-31 15:32 INFO     Epoch: 2 Loss: 1.130102
01-31 15:32 INFO     Epoch: 3 Loss: 1.090996
01-31 15:32 INFO     Epoch: 4 Loss: 1.117104
01-31 15:32 INFO      ** Training complete **
01-31 15:32 INFO     Training network 3. n_training: 818
01-31 15:32 INFO     Training network 3
01-31 15:32 INFO     n_training: 6
01-31 15:32 INFO     n_test: 20
01-31 15:33 INFO     Epoch: 0 Loss: 1.206781
01-31 15:33 INFO     Epoch: 1 Loss: 1.192744
01-31 15:33 INFO     Epoch: 2 Loss: 1.224738
01-31 15:33 INFO     Epoch: 3 Loss: 1.170856
01-31 15:33 INFO     Epoch: 4 Loss: 1.099073
01-31 15:33 INFO      ** Training complete **
01-31 15:33 INFO     Training network 4. n_training: 1107
01-31 15:33 INFO     Training network 4
01-31 15:33 INFO     n_training: 8
01-31 15:33 INFO     n_test: 20
01-31 15:33 INFO     Epoch: 0 Loss: 1.192461
01-31 15:33 INFO     Epoch: 1 Loss: 1.220721
01-31 15:33 INFO     Epoch: 2 Loss: 1.147873
01-31 15:33 INFO     Epoch: 3 Loss: 1.135985
01-31 15:33 INFO     Epoch: 4 Loss: 1.061917
01-31 15:33 INFO      ** Training complete **
01-31 15:36 INFO     >> Global Model Test accuracy Top1: 47.220000
01-31 15:36 INFO     >> Global Model Test accuracy Top5: 91.700000
01-31 15:36 INFO     in comm round:9
01-31 15:36 INFO     Training network 0. n_training: 810
01-31 15:36 INFO     Training network 0
01-31 15:36 INFO     n_training: 6
01-31 15:36 INFO     n_test: 20
01-31 15:36 INFO     Epoch: 0 Loss: 1.066106
01-31 15:36 INFO     Epoch: 1 Loss: 1.021613
01-31 15:36 INFO     Epoch: 2 Loss: 1.042139
01-31 15:36 INFO     Epoch: 3 Loss: 0.995568
01-31 15:36 INFO     Epoch: 4 Loss: 0.977586
01-31 15:36 INFO      ** Training complete **
01-31 15:36 INFO     Training network 1. n_training: 1110
01-31 15:36 INFO     Training network 1
01-31 15:36 INFO     n_training: 8
01-31 15:36 INFO     n_test: 20
01-31 15:36 INFO     Epoch: 0 Loss: 1.021825
01-31 15:36 INFO     Epoch: 1 Loss: 1.023034
01-31 15:36 INFO     Epoch: 2 Loss: 0.995090
01-31 15:36 INFO     Epoch: 3 Loss: 0.975848
01-31 15:36 INFO     Epoch: 4 Loss: 0.965243
01-31 15:36 INFO      ** Training complete **
01-31 15:36 INFO     Training network 2. n_training: 1155
01-31 15:36 INFO     Training network 2
01-31 15:36 INFO     n_training: 9
01-31 15:36 INFO     n_test: 20
01-31 15:36 INFO     Epoch: 0 Loss: 1.047556
01-31 15:37 INFO     Epoch: 1 Loss: 1.040428
01-31 15:37 INFO     Epoch: 2 Loss: 0.997119
01-31 15:37 INFO     Epoch: 3 Loss: 0.987441
01-31 15:37 INFO     Epoch: 4 Loss: 0.983911
01-31 15:37 INFO      ** Training complete **
01-31 15:37 INFO     Training network 3. n_training: 818
01-31 15:37 INFO     Training network 3
01-31 15:37 INFO     n_training: 6
01-31 15:37 INFO     n_test: 20
01-31 15:37 INFO     Epoch: 0 Loss: 1.045402
01-31 15:37 INFO     Epoch: 1 Loss: 1.080049
01-31 15:37 INFO     Epoch: 2 Loss: 1.015281
01-31 15:37 INFO     Epoch: 3 Loss: 1.031923
01-31 15:37 INFO     Epoch: 4 Loss: 0.989662
01-31 15:37 INFO      ** Training complete **
01-31 15:37 INFO     Training network 4. n_training: 1107
01-31 15:37 INFO     Training network 4
01-31 15:37 INFO     n_training: 8
01-31 15:37 INFO     n_test: 20
01-31 15:37 INFO     Epoch: 0 Loss: 1.030334
01-31 15:37 INFO     Epoch: 1 Loss: 1.040550
01-31 15:37 INFO     Epoch: 2 Loss: 1.101497
01-31 15:37 INFO     Epoch: 3 Loss: 1.074932
01-31 15:37 INFO     Epoch: 4 Loss: 0.988109
01-31 15:37 INFO      ** Training complete **
01-31 15:39 INFO     >> Global Model Test accuracy Top1: 47.160000
01-31 15:39 INFO     >> Global Model Test accuracy Top5: 91.720000
01-31 15:39 INFO     in comm round:10
01-31 15:39 INFO     Training network 0. n_training: 810
01-31 15:39 INFO     Training network 0
01-31 15:39 INFO     n_training: 6
01-31 15:39 INFO     n_test: 20
01-31 15:40 INFO     Epoch: 0 Loss: 0.918570
01-31 15:40 INFO     Epoch: 1 Loss: 0.926402
01-31 15:40 INFO     Epoch: 2 Loss: 0.909863
01-31 15:40 INFO     Epoch: 3 Loss: 0.902708
01-31 15:40 INFO     Epoch: 4 Loss: 0.893765
01-31 15:40 INFO      ** Training complete **
01-31 15:40 INFO     Training network 1. n_training: 1110
01-31 15:40 INFO     Training network 1
01-31 15:40 INFO     n_training: 8
01-31 15:40 INFO     n_test: 20
01-31 15:40 INFO     Epoch: 0 Loss: 0.921347
01-31 15:40 INFO     Epoch: 1 Loss: 0.964726
01-31 15:40 INFO     Epoch: 2 Loss: 0.945496
01-31 15:40 INFO     Epoch: 3 Loss: 0.922304
01-31 15:40 INFO     Epoch: 4 Loss: 0.916630
01-31 15:40 INFO      ** Training complete **
01-31 15:40 INFO     Training network 2. n_training: 1155
01-31 15:40 INFO     Training network 2
01-31 15:40 INFO     n_training: 9
01-31 15:40 INFO     n_test: 20
01-31 15:40 INFO     Epoch: 0 Loss: 0.915710
01-31 15:40 INFO     Epoch: 1 Loss: 0.944918
01-31 15:40 INFO     Epoch: 2 Loss: 0.902160
01-31 15:40 INFO     Epoch: 3 Loss: 0.920914
01-31 15:40 INFO     Epoch: 4 Loss: 0.835778
01-31 15:40 INFO      ** Training complete **
01-31 15:40 INFO     Training network 3. n_training: 818
01-31 15:40 INFO     Training network 3
01-31 15:40 INFO     n_training: 6
01-31 15:40 INFO     n_test: 20
01-31 15:40 INFO     Epoch: 0 Loss: 1.016898
01-31 15:40 INFO     Epoch: 1 Loss: 0.936731
01-31 15:41 INFO     Epoch: 2 Loss: 0.963848
01-31 15:41 INFO     Epoch: 3 Loss: 0.938145
01-31 15:41 INFO     Epoch: 4 Loss: 0.940456
01-31 15:41 INFO      ** Training complete **
01-31 15:41 INFO     Training network 4. n_training: 1107
01-31 15:41 INFO     Training network 4
01-31 15:41 INFO     n_training: 8
01-31 15:41 INFO     n_test: 20
01-31 15:41 INFO     Epoch: 0 Loss: 0.931550
01-31 15:41 INFO     Epoch: 1 Loss: 0.934417
01-31 15:41 INFO     Epoch: 2 Loss: 0.910073
01-31 15:41 INFO     Epoch: 3 Loss: 0.948462
01-31 15:41 INFO     Epoch: 4 Loss: 0.877724
01-31 15:41 INFO      ** Training complete **
01-31 15:43 INFO     >> Global Model Test accuracy Top1: 46.980000
01-31 15:43 INFO     >> Global Model Test accuracy Top5: 91.540000
01-31 15:43 INFO     in comm round:11
01-31 15:43 INFO     Training network 0. n_training: 810
01-31 15:43 INFO     Training network 0
01-31 15:43 INFO     n_training: 6
01-31 15:43 INFO     n_test: 20
01-31 15:43 INFO     Epoch: 0 Loss: 0.832581
01-31 15:43 INFO     Epoch: 1 Loss: 0.860121
01-31 15:43 INFO     Epoch: 2 Loss: 0.855060
01-31 15:43 INFO     Epoch: 3 Loss: 0.824790
01-31 15:43 INFO     Epoch: 4 Loss: 0.820242
01-31 15:43 INFO      ** Training complete **
01-31 15:43 INFO     Training network 1. n_training: 1110
01-31 15:43 INFO     Training network 1
01-31 15:43 INFO     n_training: 8
01-31 15:43 INFO     n_test: 20
01-31 15:43 INFO     Epoch: 0 Loss: 0.815013
01-31 15:43 INFO     Epoch: 1 Loss: 0.880753
01-31 15:43 INFO     Epoch: 2 Loss: 0.924734
01-31 15:43 INFO     Epoch: 3 Loss: 0.860074
01-31 15:44 INFO     Epoch: 4 Loss: 0.821424
01-31 15:44 INFO      ** Training complete **
01-31 15:44 INFO     Training network 2. n_training: 1155
01-31 15:44 INFO     Training network 2
01-31 15:44 INFO     n_training: 9
01-31 15:44 INFO     n_test: 20
01-31 15:44 INFO     Epoch: 0 Loss: 0.883753
01-31 15:44 INFO     Epoch: 1 Loss: 0.860779
01-31 15:44 INFO     Epoch: 2 Loss: 0.823242
01-31 15:44 INFO     Epoch: 3 Loss: 0.811504
01-31 15:44 INFO     Epoch: 4 Loss: 0.789580
01-31 15:44 INFO      ** Training complete **
01-31 15:44 INFO     Training network 3. n_training: 818
01-31 15:44 INFO     Training network 3
01-31 15:44 INFO     n_training: 6
01-31 15:44 INFO     n_test: 20
01-31 15:44 INFO     Epoch: 0 Loss: 0.865484
01-31 15:44 INFO     Epoch: 1 Loss: 0.842965
01-31 15:44 INFO     Epoch: 2 Loss: 0.898054
01-31 15:44 INFO     Epoch: 3 Loss: 0.841267
01-31 15:44 INFO     Epoch: 4 Loss: 0.859860
01-31 15:44 INFO      ** Training complete **
01-31 15:44 INFO     Training network 4. n_training: 1107
01-31 15:44 INFO     Training network 4
01-31 15:44 INFO     n_training: 8
01-31 15:44 INFO     n_test: 20
01-31 15:44 INFO     Epoch: 0 Loss: 0.849142
01-31 15:44 INFO     Epoch: 1 Loss: 0.878998
01-31 15:44 INFO     Epoch: 2 Loss: 0.871073
01-31 15:44 INFO     Epoch: 3 Loss: 0.825183
01-31 15:44 INFO     Epoch: 4 Loss: 0.824313
01-31 15:44 INFO      ** Training complete **
01-31 15:46 INFO     >> Global Model Test accuracy Top1: 47.160000
01-31 15:46 INFO     >> Global Model Test accuracy Top5: 91.720000
01-31 15:46 INFO     in comm round:12
01-31 15:46 INFO     Training network 0. n_training: 810
01-31 15:46 INFO     Training network 0
01-31 15:46 INFO     n_training: 6
01-31 15:46 INFO     n_test: 20
01-31 15:46 INFO     Epoch: 0 Loss: 0.828133
01-31 15:47 INFO     Epoch: 1 Loss: 0.816150
01-31 15:47 INFO     Epoch: 2 Loss: 0.816158
01-31 15:47 INFO     Epoch: 3 Loss: 0.752244
01-31 15:47 INFO     Epoch: 4 Loss: 0.750808
01-31 15:47 INFO      ** Training complete **
01-31 15:47 INFO     Training network 1. n_training: 1110
01-31 15:47 INFO     Training network 1
01-31 15:47 INFO     n_training: 8
01-31 15:47 INFO     n_test: 20
01-31 15:47 INFO     Epoch: 0 Loss: 0.782474
01-31 15:47 INFO     Epoch: 1 Loss: 0.791262
01-31 15:47 INFO     Epoch: 2 Loss: 0.803989
01-31 15:47 INFO     Epoch: 3 Loss: 0.748171
01-31 15:47 INFO     Epoch: 4 Loss: 0.703293
01-31 15:47 INFO      ** Training complete **
01-31 15:47 INFO     Training network 2. n_training: 1155
01-31 15:47 INFO     Training network 2
01-31 15:47 INFO     n_training: 9
01-31 15:47 INFO     n_test: 20
01-31 15:47 INFO     Epoch: 0 Loss: 0.773223
01-31 15:47 INFO     Epoch: 1 Loss: 0.798400
01-31 15:47 INFO     Epoch: 2 Loss: 0.755789
01-31 15:47 INFO     Epoch: 3 Loss: 0.751473
01-31 15:47 INFO     Epoch: 4 Loss: 0.741770
01-31 15:47 INFO      ** Training complete **
01-31 15:47 INFO     Training network 3. n_training: 818
01-31 15:47 INFO     Training network 3
01-31 15:47 INFO     n_training: 6
01-31 15:47 INFO     n_test: 20
01-31 15:47 INFO     Epoch: 0 Loss: 0.866390
01-31 15:47 INFO     Epoch: 1 Loss: 0.807607
01-31 15:47 INFO     Epoch: 2 Loss: 0.816076
01-31 15:48 INFO     Epoch: 3 Loss: 0.796339
01-31 15:48 INFO     Epoch: 4 Loss: 0.799171
01-31 15:48 INFO      ** Training complete **
01-31 15:48 INFO     Training network 4. n_training: 1107
01-31 15:48 INFO     Training network 4
01-31 15:48 INFO     n_training: 8
01-31 15:48 INFO     n_test: 20
01-31 15:48 INFO     Epoch: 0 Loss: 0.797802
01-31 15:48 INFO     Epoch: 1 Loss: 0.757958
01-31 15:48 INFO     Epoch: 2 Loss: 0.764365
01-31 15:48 INFO     Epoch: 3 Loss: 0.799043
01-31 15:48 INFO     Epoch: 4 Loss: 0.739771
01-31 15:48 INFO      ** Training complete **
01-31 15:50 INFO     >> Global Model Test accuracy Top1: 46.780000
01-31 15:50 INFO     >> Global Model Test accuracy Top5: 91.740000
01-31 15:50 INFO     in comm round:13
01-31 15:50 INFO     Training network 0. n_training: 810
01-31 15:50 INFO     Training network 0
01-31 15:50 INFO     n_training: 6
01-31 15:50 INFO     n_test: 20
01-31 15:50 INFO     Epoch: 0 Loss: 0.711606
01-31 15:50 INFO     Epoch: 1 Loss: 0.752115
01-31 15:50 INFO     Epoch: 2 Loss: 0.727194
01-31 15:50 INFO     Epoch: 3 Loss: 0.719195
01-31 15:50 INFO     Epoch: 4 Loss: 0.670415
01-31 15:50 INFO      ** Training complete **
01-31 15:50 INFO     Training network 1. n_training: 1110
01-31 15:50 INFO     Training network 1
01-31 15:50 INFO     n_training: 8
01-31 15:50 INFO     n_test: 20
01-31 15:50 INFO     Epoch: 0 Loss: 0.703408
01-31 15:50 INFO     Epoch: 1 Loss: 0.717656
01-31 15:50 INFO     Epoch: 2 Loss: 0.732913
01-31 15:50 INFO     Epoch: 3 Loss: 0.686442
01-31 15:50 INFO     Epoch: 4 Loss: 0.682461
01-31 15:50 INFO      ** Training complete **
01-31 15:50 INFO     Training network 2. n_training: 1155
01-31 15:50 INFO     Training network 2
01-31 15:50 INFO     n_training: 9
01-31 15:50 INFO     n_test: 20
01-31 15:51 INFO     Epoch: 0 Loss: 0.705400
01-31 15:51 INFO     Epoch: 1 Loss: 0.691870
01-31 15:51 INFO     Epoch: 2 Loss: 0.686980
01-31 15:51 INFO     Epoch: 3 Loss: 0.734425
01-31 15:51 INFO     Epoch: 4 Loss: 0.690023
01-31 15:51 INFO      ** Training complete **
01-31 15:51 INFO     Training network 3. n_training: 818
01-31 15:51 INFO     Training network 3
01-31 15:51 INFO     n_training: 6
01-31 15:51 INFO     n_test: 20
01-31 15:51 INFO     Epoch: 0 Loss: 0.680087
01-31 15:51 INFO     Epoch: 1 Loss: 0.732078
01-31 15:51 INFO     Epoch: 2 Loss: 0.751302
01-31 15:51 INFO     Epoch: 3 Loss: 0.759111
01-31 15:51 INFO     Epoch: 4 Loss: 0.754459
01-31 15:51 INFO      ** Training complete **
01-31 15:51 INFO     Training network 4. n_training: 1107
01-31 15:51 INFO     Training network 4
01-31 15:51 INFO     n_training: 8
01-31 15:51 INFO     n_test: 20
01-31 15:51 INFO     Epoch: 0 Loss: 0.720187
01-31 15:51 INFO     Epoch: 1 Loss: 0.703965
01-31 15:51 INFO     Epoch: 2 Loss: 0.731654
01-31 15:51 INFO     Epoch: 3 Loss: 0.731531
01-31 15:51 INFO     Epoch: 4 Loss: 0.701811
01-31 15:51 INFO      ** Training complete **
01-31 15:53 INFO     >> Global Model Test accuracy Top1: 47.520000
01-31 15:53 INFO     >> Global Model Test accuracy Top5: 91.670000
01-31 15:53 INFO     in comm round:14
01-31 15:53 INFO     Training network 0. n_training: 810
01-31 15:53 INFO     Training network 0
01-31 15:53 INFO     n_training: 6
01-31 15:53 INFO     n_test: 20
01-31 15:53 INFO     Epoch: 0 Loss: 0.642116
01-31 15:53 INFO     Epoch: 1 Loss: 0.674668
01-31 15:54 INFO     Epoch: 2 Loss: 0.712230
01-31 15:54 INFO     Epoch: 3 Loss: 0.685413
01-31 15:54 INFO     Epoch: 4 Loss: 0.633922
01-31 15:54 INFO      ** Training complete **
01-31 15:54 INFO     Training network 1. n_training: 1110
01-31 15:54 INFO     Training network 1
01-31 15:54 INFO     n_training: 8
01-31 15:54 INFO     n_test: 20
01-31 15:54 INFO     Epoch: 0 Loss: 0.666740
01-31 15:54 INFO     Epoch: 1 Loss: 0.686961
01-31 15:54 INFO     Epoch: 2 Loss: 0.649370
01-31 15:54 INFO     Epoch: 3 Loss: 0.626647
01-31 15:54 INFO     Epoch: 4 Loss: 0.671435
01-31 15:54 INFO      ** Training complete **
01-31 15:54 INFO     Training network 2. n_training: 1155
01-31 15:54 INFO     Training network 2
01-31 15:54 INFO     n_training: 9
01-31 15:54 INFO     n_test: 20
01-31 15:54 INFO     Epoch: 0 Loss: 0.648671
01-31 15:54 INFO     Epoch: 1 Loss: 0.674980
01-31 15:54 INFO     Epoch: 2 Loss: 0.691738
01-31 15:54 INFO     Epoch: 3 Loss: 0.676845
01-31 15:54 INFO     Epoch: 4 Loss: 0.661835
01-31 15:54 INFO      ** Training complete **
01-31 15:54 INFO     Training network 3. n_training: 818
01-31 15:54 INFO     Training network 3
01-31 15:54 INFO     n_training: 6
01-31 15:54 INFO     n_test: 20
01-31 15:54 INFO     Epoch: 0 Loss: 0.705171
01-31 15:54 INFO     Epoch: 1 Loss: 0.705004
01-31 15:54 INFO     Epoch: 2 Loss: 0.718532
01-31 15:54 INFO     Epoch: 3 Loss: 0.753668
01-31 15:54 INFO     Epoch: 4 Loss: 0.696851
01-31 15:54 INFO      ** Training complete **
01-31 15:54 INFO     Training network 4. n_training: 1107
01-31 15:54 INFO     Training network 4
01-31 15:54 INFO     n_training: 8
01-31 15:54 INFO     n_test: 20
01-31 15:55 INFO     Epoch: 0 Loss: 0.646713
01-31 15:55 INFO     Epoch: 1 Loss: 0.712969
01-31 15:55 INFO     Epoch: 2 Loss: 0.696839
01-31 15:55 INFO     Epoch: 3 Loss: 0.661500
01-31 15:55 INFO     Epoch: 4 Loss: 0.672479
01-31 15:55 INFO      ** Training complete **
01-31 15:57 INFO     >> Global Model Test accuracy Top1: 47.580000
01-31 15:57 INFO     >> Global Model Test accuracy Top5: 91.650000
01-31 15:57 INFO     in comm round:15
01-31 15:57 INFO     Training network 0. n_training: 810
01-31 15:57 INFO     Training network 0
01-31 15:57 INFO     n_training: 6
01-31 15:57 INFO     n_test: 20
01-31 15:57 INFO     Epoch: 0 Loss: 0.625970
01-31 15:57 INFO     Epoch: 1 Loss: 0.642602
01-31 15:57 INFO     Epoch: 2 Loss: 0.626665
01-31 15:57 INFO     Epoch: 3 Loss: 0.611890
01-31 15:57 INFO     Epoch: 4 Loss: 0.628275
01-31 15:57 INFO      ** Training complete **
01-31 15:57 INFO     Training network 1. n_training: 1110
01-31 15:57 INFO     Training network 1
01-31 15:57 INFO     n_training: 8
01-31 15:57 INFO     n_test: 20
01-31 15:57 INFO     Epoch: 0 Loss: 0.704477
01-31 15:57 INFO     Epoch: 1 Loss: 0.640094
01-31 15:57 INFO     Epoch: 2 Loss: 0.695628
01-31 15:57 INFO     Epoch: 3 Loss: 0.662824
01-31 15:57 INFO     Epoch: 4 Loss: 0.616974
01-31 15:57 INFO      ** Training complete **
01-31 15:57 INFO     Training network 2. n_training: 1155
01-31 15:57 INFO     Training network 2
01-31 15:57 INFO     n_training: 9
01-31 15:57 INFO     n_test: 20
01-31 15:57 INFO     Epoch: 0 Loss: 0.601343
01-31 15:57 INFO     Epoch: 1 Loss: 0.620712
01-31 15:58 INFO     Epoch: 2 Loss: 0.628825
01-31 15:58 INFO     Epoch: 3 Loss: 0.599043
01-31 15:58 INFO     Epoch: 4 Loss: 0.549864
01-31 15:58 INFO      ** Training complete **
01-31 15:58 INFO     Training network 3. n_training: 818
01-31 15:58 INFO     Training network 3
01-31 15:58 INFO     n_training: 6
01-31 15:58 INFO     n_test: 20
01-31 15:58 INFO     Epoch: 0 Loss: 0.617960
01-31 15:58 INFO     Epoch: 1 Loss: 0.636997
01-31 15:58 INFO     Epoch: 2 Loss: 0.651217
01-31 15:58 INFO     Epoch: 3 Loss: 0.633174
01-31 15:58 INFO     Epoch: 4 Loss: 0.623076
01-31 15:58 INFO      ** Training complete **
01-31 15:58 INFO     Training network 4. n_training: 1107
01-31 15:58 INFO     Training network 4
01-31 15:58 INFO     n_training: 8
01-31 15:58 INFO     n_test: 20
01-31 15:58 INFO     Epoch: 0 Loss: 0.606588
01-31 15:58 INFO     Epoch: 1 Loss: 0.645856
01-31 15:58 INFO     Epoch: 2 Loss: 0.680377
01-31 15:58 INFO     Epoch: 3 Loss: 0.660349
01-31 15:58 INFO     Epoch: 4 Loss: 0.616107
01-31 15:58 INFO      ** Training complete **
01-31 16:00 INFO     >> Global Model Test accuracy Top1: 47.030000
01-31 16:00 INFO     >> Global Model Test accuracy Top5: 91.470000
01-31 16:00 INFO     in comm round:16
01-31 16:00 INFO     Training network 0. n_training: 810
01-31 16:00 INFO     Training network 0
01-31 16:00 INFO     n_training: 6
01-31 16:00 INFO     n_test: 20
01-31 16:00 INFO     Epoch: 0 Loss: 0.584211
01-31 16:00 INFO     Epoch: 1 Loss: 0.614697
01-31 16:00 INFO     Epoch: 2 Loss: 0.612781
01-31 16:00 INFO     Epoch: 3 Loss: 0.604281
01-31 16:00 INFO     Epoch: 4 Loss: 0.620482
01-31 16:00 INFO      ** Training complete **
01-31 16:00 INFO     Training network 1. n_training: 1110
01-31 16:00 INFO     Training network 1
01-31 16:00 INFO     n_training: 8
01-31 16:00 INFO     n_test: 20
01-31 16:00 INFO     Epoch: 0 Loss: 0.597903
01-31 16:01 INFO     Epoch: 1 Loss: 0.627824
01-31 16:01 INFO     Epoch: 2 Loss: 0.613456
01-31 16:01 INFO     Epoch: 3 Loss: 0.576992
01-31 16:01 INFO     Epoch: 4 Loss: 0.566509
01-31 16:01 INFO      ** Training complete **
01-31 16:01 INFO     Training network 2. n_training: 1155
01-31 16:01 INFO     Training network 2
01-31 16:01 INFO     n_training: 9
01-31 16:01 INFO     n_test: 20
01-31 16:01 INFO     Epoch: 0 Loss: 0.598471
01-31 16:01 INFO     Epoch: 1 Loss: 0.577312
01-31 16:01 INFO     Epoch: 2 Loss: 0.579478
01-31 16:01 INFO     Epoch: 3 Loss: 0.582833
01-31 16:01 INFO     Epoch: 4 Loss: 0.577480
01-31 16:01 INFO      ** Training complete **
01-31 16:01 INFO     Training network 3. n_training: 818
01-31 16:01 INFO     Training network 3
01-31 16:01 INFO     n_training: 6
01-31 16:01 INFO     n_test: 20
01-31 16:01 INFO     Epoch: 0 Loss: 0.611059
01-31 16:01 INFO     Epoch: 1 Loss: 0.626821
01-31 16:01 INFO     Epoch: 2 Loss: 0.599929
01-31 16:01 INFO     Epoch: 3 Loss: 0.633873
01-31 16:01 INFO     Epoch: 4 Loss: 0.615722
01-31 16:01 INFO      ** Training complete **
01-31 16:01 INFO     Training network 4. n_training: 1107
01-31 16:01 INFO     Training network 4
01-31 16:01 INFO     n_training: 8
01-31 16:01 INFO     n_test: 20
01-31 16:01 INFO     Epoch: 0 Loss: 0.576897
01-31 16:01 INFO     Epoch: 1 Loss: 0.575047
01-31 16:01 INFO     Epoch: 2 Loss: 0.591829
01-31 16:01 INFO     Epoch: 3 Loss: 0.607976
01-31 16:02 INFO     Epoch: 4 Loss: 0.558090
01-31 16:02 INFO      ** Training complete **
01-31 16:04 INFO     >> Global Model Test accuracy Top1: 48.180000
01-31 16:04 INFO     >> Global Model Test accuracy Top5: 91.640000
01-31 16:04 INFO     in comm round:17
01-31 16:04 INFO     Training network 0. n_training: 810
01-31 16:04 INFO     Training network 0
01-31 16:04 INFO     n_training: 6
01-31 16:04 INFO     n_test: 20
01-31 16:04 INFO     Epoch: 0 Loss: 0.583263
01-31 16:04 INFO     Epoch: 1 Loss: 0.540848
01-31 16:04 INFO     Epoch: 2 Loss: 0.576373
01-31 16:04 INFO     Epoch: 3 Loss: 0.545420
01-31 16:04 INFO     Epoch: 4 Loss: 0.553555
01-31 16:04 INFO      ** Training complete **
01-31 16:04 INFO     Training network 1. n_training: 1110
01-31 16:04 INFO     Training network 1
01-31 16:04 INFO     n_training: 8
01-31 16:04 INFO     n_test: 20
01-31 16:04 INFO     Epoch: 0 Loss: 0.549940
01-31 16:04 INFO     Epoch: 1 Loss: 0.523165
01-31 16:04 INFO     Epoch: 2 Loss: 0.562408
01-31 16:04 INFO     Epoch: 3 Loss: 0.573240
01-31 16:04 INFO     Epoch: 4 Loss: 0.527487
01-31 16:04 INFO      ** Training complete **
01-31 16:04 INFO     Training network 2. n_training: 1155
01-31 16:04 INFO     Training network 2
01-31 16:04 INFO     n_training: 9
01-31 16:04 INFO     n_test: 20
01-31 16:04 INFO     Epoch: 0 Loss: 0.527876
01-31 16:04 INFO     Epoch: 1 Loss: 0.576341
01-31 16:04 INFO     Epoch: 2 Loss: 0.552714
01-31 16:04 INFO     Epoch: 3 Loss: 0.546566
01-31 16:04 INFO     Epoch: 4 Loss: 0.528249
01-31 16:04 INFO      ** Training complete **
01-31 16:04 INFO     Training network 3. n_training: 818
01-31 16:04 INFO     Training network 3
01-31 16:04 INFO     n_training: 6
01-31 16:04 INFO     n_test: 20
01-31 16:04 INFO     Epoch: 0 Loss: 0.564143
01-31 16:04 INFO     Epoch: 1 Loss: 0.552661
01-31 16:05 INFO     Epoch: 2 Loss: 0.567855
01-31 16:05 INFO     Epoch: 3 Loss: 0.576814
01-31 16:05 INFO     Epoch: 4 Loss: 0.579846
01-31 16:05 INFO      ** Training complete **
01-31 16:05 INFO     Training network 4. n_training: 1107
01-31 16:05 INFO     Training network 4
01-31 16:05 INFO     n_training: 8
01-31 16:05 INFO     n_test: 20
01-31 16:05 INFO     Epoch: 0 Loss: 0.559914
01-31 16:05 INFO     Epoch: 1 Loss: 0.579083
01-31 16:05 INFO     Epoch: 2 Loss: 0.592872
01-31 16:05 INFO     Epoch: 3 Loss: 0.562510
01-31 16:05 INFO     Epoch: 4 Loss: 0.561580
01-31 16:05 INFO      ** Training complete **
01-31 16:07 INFO     >> Global Model Test accuracy Top1: 48.630000
01-31 16:07 INFO     >> Global Model Test accuracy Top5: 91.840000
01-31 16:07 INFO     in comm round:18
01-31 16:07 INFO     Training network 0. n_training: 810
01-31 16:07 INFO     Training network 0
01-31 16:07 INFO     n_training: 6
01-31 16:07 INFO     n_test: 20
01-31 16:07 INFO     Epoch: 0 Loss: 0.495313
01-31 16:07 INFO     Epoch: 1 Loss: 0.539113
01-31 16:07 INFO     Epoch: 2 Loss: 0.515054
01-31 16:07 INFO     Epoch: 3 Loss: 0.513615
01-31 16:07 INFO     Epoch: 4 Loss: 0.494905
01-31 16:07 INFO      ** Training complete **
01-31 16:07 INFO     Training network 1. n_training: 1110
01-31 16:07 INFO     Training network 1
01-31 16:07 INFO     n_training: 8
01-31 16:07 INFO     n_test: 20
01-31 16:07 INFO     Epoch: 0 Loss: 0.556055
01-31 16:07 INFO     Epoch: 1 Loss: 0.526466
01-31 16:07 INFO     Epoch: 2 Loss: 0.537732
01-31 16:07 INFO     Epoch: 3 Loss: 0.502910
01-31 16:07 INFO     Epoch: 4 Loss: 0.513190
01-31 16:07 INFO      ** Training complete **
01-31 16:07 INFO     Training network 2. n_training: 1155
01-31 16:07 INFO     Training network 2
01-31 16:07 INFO     n_training: 9
01-31 16:07 INFO     n_test: 20
01-31 16:07 INFO     Epoch: 0 Loss: 0.530671
01-31 16:07 INFO     Epoch: 1 Loss: 0.525264
01-31 16:07 INFO     Epoch: 2 Loss: 0.543242
01-31 16:07 INFO     Epoch: 3 Loss: 0.574413
01-31 16:07 INFO     Epoch: 4 Loss: 0.531003
01-31 16:07 INFO      ** Training complete **
01-31 16:07 INFO     Training network 3. n_training: 818
01-31 16:07 INFO     Training network 3
01-31 16:07 INFO     n_training: 6
01-31 16:07 INFO     n_test: 20
01-31 16:08 INFO     Epoch: 0 Loss: 0.548154
01-31 16:08 INFO     Epoch: 1 Loss: 0.574479
01-31 16:08 INFO     Epoch: 2 Loss: 0.565750
01-31 16:08 INFO     Epoch: 3 Loss: 0.538916
01-31 16:08 INFO     Epoch: 4 Loss: 0.541436
01-31 16:08 INFO      ** Training complete **
01-31 16:08 INFO     Training network 4. n_training: 1107
01-31 16:08 INFO     Training network 4
01-31 16:08 INFO     n_training: 8
01-31 16:08 INFO     n_test: 20
01-31 16:08 INFO     Epoch: 0 Loss: 0.521301
01-31 16:08 INFO     Epoch: 1 Loss: 0.544396
01-31 16:08 INFO     Epoch: 2 Loss: 0.508698
01-31 16:08 INFO     Epoch: 3 Loss: 0.521149
01-31 16:08 INFO     Epoch: 4 Loss: 0.513216
01-31 16:08 INFO      ** Training complete **
01-31 16:10 INFO     >> Global Model Test accuracy Top1: 49.090000
01-31 16:10 INFO     >> Global Model Test accuracy Top5: 92.210000
01-31 16:10 INFO     in comm round:19
01-31 16:10 INFO     Training network 0. n_training: 810
01-31 16:10 INFO     Training network 0
01-31 16:10 INFO     n_training: 6
01-31 16:10 INFO     n_test: 20
01-31 16:10 INFO     Epoch: 0 Loss: 0.504447
01-31 16:10 INFO     Epoch: 1 Loss: 0.516055
01-31 16:10 INFO     Epoch: 2 Loss: 0.509667
01-31 16:10 INFO     Epoch: 3 Loss: 0.487319
01-31 16:10 INFO     Epoch: 4 Loss: 0.511935
01-31 16:10 INFO      ** Training complete **
01-31 16:10 INFO     Training network 1. n_training: 1110
01-31 16:10 INFO     Training network 1
01-31 16:10 INFO     n_training: 8
01-31 16:10 INFO     n_test: 20
01-31 16:10 INFO     Epoch: 0 Loss: 0.486640
01-31 16:11 INFO     Epoch: 1 Loss: 0.520702
01-31 16:11 INFO     Epoch: 2 Loss: 0.495154
01-31 16:11 INFO     Epoch: 3 Loss: 0.487707
01-31 16:11 INFO     Epoch: 4 Loss: 0.493750
01-31 16:11 INFO      ** Training complete **
01-31 16:11 INFO     Training network 2. n_training: 1155
01-31 16:11 INFO     Training network 2
01-31 16:11 INFO     n_training: 9
01-31 16:11 INFO     n_test: 20
01-31 16:11 INFO     Epoch: 0 Loss: 0.471900
01-31 16:11 INFO     Epoch: 1 Loss: 0.470389
01-31 16:11 INFO     Epoch: 2 Loss: 0.492260
01-31 16:11 INFO     Epoch: 3 Loss: 0.512816
01-31 16:11 INFO     Epoch: 4 Loss: 0.473094
01-31 16:11 INFO      ** Training complete **
01-31 16:11 INFO     Training network 3. n_training: 818
01-31 16:11 INFO     Training network 3
01-31 16:11 INFO     n_training: 6
01-31 16:11 INFO     n_test: 20
01-31 16:12 INFO     Epoch: 0 Loss: 0.515939
01-31 16:12 INFO     Epoch: 1 Loss: 0.545543
01-31 16:12 INFO     Epoch: 2 Loss: 0.507120
01-31 16:12 INFO     Epoch: 3 Loss: 0.529076
01-31 16:12 INFO     Epoch: 4 Loss: 0.497816
01-31 16:12 INFO      ** Training complete **
01-31 16:12 INFO     Training network 4. n_training: 1107
01-31 16:12 INFO     Training network 4
01-31 16:12 INFO     n_training: 8
01-31 16:12 INFO     n_test: 20
01-31 16:12 INFO     Epoch: 0 Loss: 0.498923
01-31 16:12 INFO     Epoch: 1 Loss: 0.512192
01-31 16:12 INFO     Epoch: 2 Loss: 0.536422
01-31 16:12 INFO     Epoch: 3 Loss: 0.529445
01-31 16:12 INFO     Epoch: 4 Loss: 0.500365
01-31 16:12 INFO      ** Training complete **
01-31 16:15 INFO     >> Global Model Test accuracy Top1: 48.720000
01-31 16:15 INFO     >> Global Model Test accuracy Top5: 91.920000
