01-31 21:16 INFO     Dataset: cifar10, Portion: 0.1, Method: default_no_rel_loss, Batch Size: 256, Number of Parties: 5, Temperature: 0.1, Teacher Temperature: 0.1, Student Temperature: 0.1, Epochs: 5, Log Date: 2025-01-31 21:16:23
01-31 21:16 INFO     cuda:1
01-31 21:16 INFO     Partitioning data
01-31 21:16 INFO     Data statistics: {0: {np.int64(0): np.int64(3), np.int64(1): np.int64(7), np.int64(2): np.int64(143), np.int64(3): np.int64(112), np.int64(4): np.int64(4), np.int64(5): np.int64(23), np.int64(6): np.int64(12), np.int64(7): np.int64(55), np.int64(8): np.int64(62), np.int64(9): np.int64(389)}, 1: {np.int64(0): np.int64(131), np.int64(1): np.int64(86), np.int64(2): np.int64(125), np.int64(4): np.int64(84), np.int64(5): np.int64(212), np.int64(6): np.int64(43), np.int64(7): np.int64(429)}, 2: {np.int64(0): np.int64(188), np.int64(1): np.int64(11), np.int64(2): np.int64(122), np.int64(3): np.int64(4), np.int64(4): np.int64(119), np.int64(5): np.int64(205), np.int64(6): np.int64(150), np.int64(8): np.int64(356)}, 3: {np.int64(0): np.int64(156), np.int64(1): np.int64(152), np.int64(2): np.int64(33), np.int64(3): np.int64(104), np.int64(4): np.int64(98), np.int64(5): np.int64(79), np.int64(7): np.int64(17), np.int64(8): np.int64(64), np.int64(9): np.int64(115)}, 4: {np.int64(0): np.int64(25), np.int64(1): np.int64(227), np.int64(2): np.int64(64), np.int64(3): np.int64(307), np.int64(4): np.int64(168), np.int64(5): np.int64(29), np.int64(6): np.int64(286), np.int64(7): np.int64(1)}}
01-31 21:16 INFO     Initializing nets
01-31 21:16 INFO     in comm round:0
01-31 21:16 INFO     Training network 0. n_training: 810
01-31 21:16 INFO     Training network 0
01-31 21:16 INFO     n_training: 6
01-31 21:16 INFO     n_test: 20
01-31 21:16 INFO     Epoch: 0 Loss: 12.893038
01-31 21:16 INFO     Epoch: 1 Loss: 10.259353
01-31 21:16 INFO     Epoch: 2 Loss: 9.693567
01-31 21:16 INFO     Epoch: 3 Loss: 8.669304
01-31 21:16 INFO     Epoch: 4 Loss: 7.967215
01-31 21:16 INFO      ** Training complete **
01-31 21:16 INFO     Training network 1. n_training: 1110
01-31 21:16 INFO     Training network 1
01-31 21:16 INFO     n_training: 8
01-31 21:16 INFO     n_test: 20
01-31 21:16 INFO     Epoch: 0 Loss: 12.277753
01-31 21:16 INFO     Epoch: 1 Loss: 9.969438
01-31 21:17 INFO     Epoch: 2 Loss: 8.936886
01-31 21:17 INFO     Epoch: 3 Loss: 8.012405
01-31 21:17 INFO     Epoch: 4 Loss: 7.173430
01-31 21:17 INFO      ** Training complete **
01-31 21:17 INFO     Training network 2. n_training: 1155
01-31 21:17 INFO     Training network 2
01-31 21:17 INFO     n_training: 9
01-31 21:17 INFO     n_test: 20
01-31 21:17 INFO     Epoch: 0 Loss: 12.023721
01-31 21:17 INFO     Epoch: 1 Loss: 9.793822
01-31 21:17 INFO     Epoch: 2 Loss: 8.580852
01-31 21:17 INFO     Epoch: 3 Loss: 7.758670
01-31 21:17 INFO     Epoch: 4 Loss: 6.960405
01-31 21:17 INFO      ** Training complete **
01-31 21:17 INFO     Training network 3. n_training: 818
01-31 21:17 INFO     Training network 3
01-31 21:17 INFO     n_training: 6
01-31 21:17 INFO     n_test: 20
01-31 21:17 INFO     Epoch: 0 Loss: 12.931654
01-31 21:17 INFO     Epoch: 1 Loss: 10.157436
01-31 21:17 INFO     Epoch: 2 Loss: 9.544153
01-31 21:17 INFO     Epoch: 3 Loss: 8.780993
01-31 21:17 INFO     Epoch: 4 Loss: 7.971681
01-31 21:17 INFO      ** Training complete **
01-31 21:17 INFO     Training network 4. n_training: 1107
01-31 21:17 INFO     Training network 4
01-31 21:17 INFO     n_training: 8
01-31 21:17 INFO     n_test: 20
01-31 21:17 INFO     Epoch: 0 Loss: 12.253366
01-31 21:17 INFO     Epoch: 1 Loss: 10.053433
01-31 21:17 INFO     Epoch: 2 Loss: 8.994159
01-31 21:17 INFO     Epoch: 3 Loss: 8.001547
01-31 21:17 INFO     Epoch: 4 Loss: 7.275059
01-31 21:17 INFO      ** Training complete **
01-31 21:19 INFO     >> Global Model Test accuracy Top1: 42.610000
01-31 21:19 INFO     >> Global Model Test accuracy Top5: 88.980000
01-31 21:19 INFO     in comm round:1
01-31 21:19 INFO     Training network 0. n_training: 810
01-31 21:19 INFO     Training network 0
01-31 21:19 INFO     n_training: 6
01-31 21:19 INFO     n_test: 20
01-31 21:19 INFO     Epoch: 0 Loss: 14.644339
01-31 21:19 INFO     Epoch: 1 Loss: 11.099821
01-31 21:19 INFO     Epoch: 2 Loss: 7.955929
01-31 21:19 INFO     Epoch: 3 Loss: 6.654644
01-31 21:19 INFO     Epoch: 4 Loss: 5.765993
01-31 21:19 INFO      ** Training complete **
01-31 21:19 INFO     Training network 1. n_training: 1110
01-31 21:19 INFO     Training network 1
01-31 21:19 INFO     n_training: 8
01-31 21:19 INFO     n_test: 20
01-31 21:19 INFO     Epoch: 0 Loss: 14.169365
01-31 21:20 INFO     Epoch: 1 Loss: 9.194387
01-31 21:20 INFO     Epoch: 2 Loss: 6.822297
01-31 21:20 INFO     Epoch: 3 Loss: 5.672206
01-31 21:20 INFO     Epoch: 4 Loss: 5.061081
01-31 21:20 INFO      ** Training complete **
01-31 21:20 INFO     Training network 2. n_training: 1155
01-31 21:20 INFO     Training network 2
01-31 21:20 INFO     n_training: 9
01-31 21:20 INFO     n_test: 20
01-31 21:20 INFO     Epoch: 0 Loss: 13.855400
01-31 21:20 INFO     Epoch: 1 Loss: 8.566667
01-31 21:20 INFO     Epoch: 2 Loss: 6.451155
01-31 21:20 INFO     Epoch: 3 Loss: 5.408624
01-31 21:20 INFO     Epoch: 4 Loss: 4.830409
01-31 21:20 INFO      ** Training complete **
01-31 21:20 INFO     Training network 3. n_training: 818
01-31 21:20 INFO     Training network 3
01-31 21:20 INFO     n_training: 6
01-31 21:20 INFO     n_test: 20
01-31 21:20 INFO     Epoch: 0 Loss: 14.656787
01-31 21:20 INFO     Epoch: 1 Loss: 10.961068
01-31 21:20 INFO     Epoch: 2 Loss: 7.825125
01-31 21:20 INFO     Epoch: 3 Loss: 6.646387
01-31 21:20 INFO     Epoch: 4 Loss: 5.851126
01-31 21:20 INFO      ** Training complete **
01-31 21:20 INFO     Training network 4. n_training: 1107
01-31 21:20 INFO     Training network 4
01-31 21:20 INFO     n_training: 8
01-31 21:20 INFO     n_test: 20
01-31 21:20 INFO     Epoch: 0 Loss: 14.096231
01-31 21:20 INFO     Epoch: 1 Loss: 9.218010
01-31 21:20 INFO     Epoch: 2 Loss: 6.882217
01-31 21:20 INFO     Epoch: 3 Loss: 5.750085
01-31 21:20 INFO     Epoch: 4 Loss: 5.007778
01-31 21:20 INFO      ** Training complete **
01-31 21:22 INFO     >> Global Model Test accuracy Top1: 44.980000
01-31 21:22 INFO     >> Global Model Test accuracy Top5: 90.430000
01-31 21:22 INFO     in comm round:2
01-31 21:22 INFO     Training network 0. n_training: 810
01-31 21:22 INFO     Training network 0
01-31 21:22 INFO     n_training: 6
01-31 21:22 INFO     n_test: 20
01-31 21:22 INFO     Epoch: 0 Loss: 7.417793
01-31 21:22 INFO     Epoch: 1 Loss: 5.503218
01-31 21:22 INFO     Epoch: 2 Loss: 4.131964
01-31 21:22 INFO     Epoch: 3 Loss: 3.376389
01-31 21:23 INFO     Epoch: 4 Loss: 2.965763
01-31 21:23 INFO      ** Training complete **
01-31 21:23 INFO     Training network 1. n_training: 1110
01-31 21:23 INFO     Training network 1
01-31 21:23 INFO     n_training: 8
01-31 21:23 INFO     n_test: 20
01-31 21:23 INFO     Epoch: 0 Loss: 7.109965
01-31 21:23 INFO     Epoch: 1 Loss: 4.710607
01-31 21:23 INFO     Epoch: 2 Loss: 3.482343
01-31 21:23 INFO     Epoch: 3 Loss: 2.899218
01-31 21:23 INFO     Epoch: 4 Loss: 2.675051
01-31 21:23 INFO      ** Training complete **
01-31 21:23 INFO     Training network 2. n_training: 1155
01-31 21:23 INFO     Training network 2
01-31 21:23 INFO     n_training: 9
01-31 21:23 INFO     n_test: 20
01-31 21:23 INFO     Epoch: 0 Loss: 6.941616
01-31 21:23 INFO     Epoch: 1 Loss: 4.474292
01-31 21:23 INFO     Epoch: 2 Loss: 3.290411
01-31 21:23 INFO     Epoch: 3 Loss: 2.888378
01-31 21:23 INFO     Epoch: 4 Loss: 2.611600
01-31 21:23 INFO      ** Training complete **
01-31 21:23 INFO     Training network 3. n_training: 818
01-31 21:23 INFO     Training network 3
01-31 21:23 INFO     n_training: 6
01-31 21:23 INFO     n_test: 20
01-31 21:23 INFO     Epoch: 0 Loss: 7.475521
01-31 21:23 INFO     Epoch: 1 Loss: 5.555556
01-31 21:23 INFO     Epoch: 2 Loss: 4.167916
01-31 21:23 INFO     Epoch: 3 Loss: 3.412813
01-31 21:23 INFO     Epoch: 4 Loss: 3.034451
01-31 21:23 INFO      ** Training complete **
01-31 21:23 INFO     Training network 4. n_training: 1107
01-31 21:23 INFO     Training network 4
01-31 21:23 INFO     n_training: 8
01-31 21:23 INFO     n_test: 20
01-31 21:23 INFO     Epoch: 0 Loss: 7.084807
01-31 21:23 INFO     Epoch: 1 Loss: 4.735886
01-31 21:23 INFO     Epoch: 2 Loss: 3.376094
01-31 21:23 INFO     Epoch: 3 Loss: 2.901714
01-31 21:24 INFO     Epoch: 4 Loss: 2.763472
01-31 21:24 INFO      ** Training complete **
01-31 21:25 INFO     >> Global Model Test accuracy Top1: 45.160000
01-31 21:25 INFO     >> Global Model Test accuracy Top5: 90.430000
01-31 21:25 INFO     in comm round:3
01-31 21:25 INFO     Training network 0. n_training: 810
01-31 21:25 INFO     Training network 0
01-31 21:25 INFO     n_training: 6
01-31 21:25 INFO     n_test: 20
01-31 21:25 INFO     Epoch: 0 Loss: 3.145905
01-31 21:25 INFO     Epoch: 1 Loss: 2.737015
01-31 21:25 INFO     Epoch: 2 Loss: 2.425441
01-31 21:25 INFO     Epoch: 3 Loss: 2.265425
01-31 21:26 INFO     Epoch: 4 Loss: 2.214874
01-31 21:26 INFO      ** Training complete **
01-31 21:26 INFO     Training network 1. n_training: 1110
01-31 21:26 INFO     Training network 1
01-31 21:26 INFO     n_training: 8
01-31 21:26 INFO     n_test: 20
01-31 21:26 INFO     Epoch: 0 Loss: 3.002328
01-31 21:26 INFO     Epoch: 1 Loss: 2.524539
01-31 21:26 INFO     Epoch: 2 Loss: 2.323229
01-31 21:26 INFO     Epoch: 3 Loss: 2.121368
01-31 21:26 INFO     Epoch: 4 Loss: 1.942785
01-31 21:26 INFO      ** Training complete **
01-31 21:26 INFO     Training network 2. n_training: 1155
01-31 21:26 INFO     Training network 2
01-31 21:26 INFO     n_training: 9
01-31 21:26 INFO     n_test: 20
01-31 21:26 INFO     Epoch: 0 Loss: 3.101938
01-31 21:26 INFO     Epoch: 1 Loss: 2.574925
01-31 21:26 INFO     Epoch: 2 Loss: 2.317084
01-31 21:26 INFO     Epoch: 3 Loss: 2.164696
01-31 21:26 INFO     Epoch: 4 Loss: 1.924196
01-31 21:26 INFO      ** Training complete **
01-31 21:26 INFO     Training network 3. n_training: 818
01-31 21:26 INFO     Training network 3
01-31 21:26 INFO     n_training: 6
01-31 21:26 INFO     n_test: 20
01-31 21:26 INFO     Epoch: 0 Loss: 3.042072
01-31 21:26 INFO     Epoch: 1 Loss: 2.773282
01-31 21:26 INFO     Epoch: 2 Loss: 2.471727
01-31 21:26 INFO     Epoch: 3 Loss: 2.317962
01-31 21:26 INFO     Epoch: 4 Loss: 2.176202
01-31 21:26 INFO      ** Training complete **
01-31 21:26 INFO     Training network 4. n_training: 1107
01-31 21:26 INFO     Training network 4
01-31 21:26 INFO     n_training: 8
01-31 21:26 INFO     n_test: 20
01-31 21:26 INFO     Epoch: 0 Loss: 3.040324
01-31 21:26 INFO     Epoch: 1 Loss: 2.615608
01-31 21:26 INFO     Epoch: 2 Loss: 2.332079
01-31 21:27 INFO     Epoch: 3 Loss: 2.168909
01-31 21:27 INFO     Epoch: 4 Loss: 2.109692
01-31 21:27 INFO      ** Training complete **
01-31 21:28 INFO     >> Global Model Test accuracy Top1: 45.090000
01-31 21:28 INFO     >> Global Model Test accuracy Top5: 90.550000
01-31 21:28 INFO     in comm round:4
01-31 21:28 INFO     Training network 0. n_training: 810
01-31 21:28 INFO     Training network 0
01-31 21:28 INFO     n_training: 6
01-31 21:28 INFO     n_test: 20
01-31 21:28 INFO     Epoch: 0 Loss: 2.258023
01-31 21:28 INFO     Epoch: 1 Loss: 2.072791
01-31 21:29 INFO     Epoch: 2 Loss: 1.879003
01-31 21:29 INFO     Epoch: 3 Loss: 1.900472
01-31 21:29 INFO     Epoch: 4 Loss: 1.772736
01-31 21:29 INFO      ** Training complete **
01-31 21:29 INFO     Training network 1. n_training: 1110
01-31 21:29 INFO     Training network 1
01-31 21:29 INFO     n_training: 8
01-31 21:29 INFO     n_test: 20
01-31 21:29 INFO     Epoch: 0 Loss: 2.163708
01-31 21:29 INFO     Epoch: 1 Loss: 2.021461
01-31 21:29 INFO     Epoch: 2 Loss: 1.871291
01-31 21:29 INFO     Epoch: 3 Loss: 1.809331
01-31 21:29 INFO     Epoch: 4 Loss: 1.708298
01-31 21:29 INFO      ** Training complete **
01-31 21:29 INFO     Training network 2. n_training: 1155
01-31 21:29 INFO     Training network 2
01-31 21:29 INFO     n_training: 9
01-31 21:29 INFO     n_test: 20
01-31 21:29 INFO     Epoch: 0 Loss: 2.138780
01-31 21:29 INFO     Epoch: 1 Loss: 1.978857
01-31 21:29 INFO     Epoch: 2 Loss: 1.864713
01-31 21:29 INFO     Epoch: 3 Loss: 1.739024
01-31 21:29 INFO     Epoch: 4 Loss: 1.732320
01-31 21:29 INFO      ** Training complete **
01-31 21:29 INFO     Training network 3. n_training: 818
01-31 21:29 INFO     Training network 3
01-31 21:29 INFO     n_training: 6
01-31 21:29 INFO     n_test: 20
01-31 21:29 INFO     Epoch: 0 Loss: 2.204352
01-31 21:29 INFO     Epoch: 1 Loss: 2.056300
01-31 21:29 INFO     Epoch: 2 Loss: 1.981049
01-31 21:29 INFO     Epoch: 3 Loss: 1.915460
01-31 21:29 INFO     Epoch: 4 Loss: 1.716025
01-31 21:29 INFO      ** Training complete **
01-31 21:29 INFO     Training network 4. n_training: 1107
01-31 21:29 INFO     Training network 4
01-31 21:29 INFO     n_training: 8
01-31 21:29 INFO     n_test: 20
01-31 21:29 INFO     Epoch: 0 Loss: 2.131526
01-31 21:29 INFO     Epoch: 1 Loss: 1.992019
01-31 21:30 INFO     Epoch: 2 Loss: 1.902289
01-31 21:30 INFO     Epoch: 3 Loss: 1.773550
01-31 21:30 INFO     Epoch: 4 Loss: 1.719728
01-31 21:30 INFO      ** Training complete **
01-31 21:31 INFO     >> Global Model Test accuracy Top1: 45.390000
01-31 21:31 INFO     >> Global Model Test accuracy Top5: 90.950000
01-31 21:31 INFO     in comm round:5
01-31 21:31 INFO     Training network 0. n_training: 810
01-31 21:31 INFO     Training network 0
01-31 21:31 INFO     n_training: 6
01-31 21:31 INFO     n_test: 20
01-31 21:32 INFO     Epoch: 0 Loss: 1.889567
01-31 21:32 INFO     Epoch: 1 Loss: 1.787934
01-31 21:32 INFO     Epoch: 2 Loss: 1.659822
01-31 21:32 INFO     Epoch: 3 Loss: 1.655687
01-31 21:32 INFO     Epoch: 4 Loss: 1.518871
01-31 21:32 INFO      ** Training complete **
01-31 21:32 INFO     Training network 1. n_training: 1110
01-31 21:32 INFO     Training network 1
01-31 21:32 INFO     n_training: 8
01-31 21:32 INFO     n_test: 20
01-31 21:32 INFO     Epoch: 0 Loss: 1.788784
01-31 21:32 INFO     Epoch: 1 Loss: 1.746451
01-31 21:32 INFO     Epoch: 2 Loss: 1.549213
01-31 21:32 INFO     Epoch: 3 Loss: 1.573193
01-31 21:32 INFO     Epoch: 4 Loss: 1.477405
01-31 21:32 INFO      ** Training complete **
01-31 21:32 INFO     Training network 2. n_training: 1155
01-31 21:32 INFO     Training network 2
01-31 21:32 INFO     n_training: 9
01-31 21:32 INFO     n_test: 20
01-31 21:32 INFO     Epoch: 0 Loss: 1.803989
01-31 21:32 INFO     Epoch: 1 Loss: 1.724601
01-31 21:32 INFO     Epoch: 2 Loss: 1.596324
01-31 21:32 INFO     Epoch: 3 Loss: 1.464472
01-31 21:32 INFO     Epoch: 4 Loss: 1.413953
01-31 21:32 INFO      ** Training complete **
01-31 21:32 INFO     Training network 3. n_training: 818
01-31 21:32 INFO     Training network 3
01-31 21:32 INFO     n_training: 6
01-31 21:32 INFO     n_test: 20
01-31 21:32 INFO     Epoch: 0 Loss: 1.860743
01-31 21:32 INFO     Epoch: 1 Loss: 1.728119
01-31 21:32 INFO     Epoch: 2 Loss: 1.619679
01-31 21:32 INFO     Epoch: 3 Loss: 1.610271
01-31 21:32 INFO     Epoch: 4 Loss: 1.535626
01-31 21:32 INFO      ** Training complete **
01-31 21:32 INFO     Training network 4. n_training: 1107
01-31 21:32 INFO     Training network 4
01-31 21:32 INFO     n_training: 8
01-31 21:32 INFO     n_test: 20
01-31 21:32 INFO     Epoch: 0 Loss: 1.847675
01-31 21:33 INFO     Epoch: 1 Loss: 1.698853
01-31 21:33 INFO     Epoch: 2 Loss: 1.618691
01-31 21:33 INFO     Epoch: 3 Loss: 1.548668
01-31 21:33 INFO     Epoch: 4 Loss: 1.553797
01-31 21:33 INFO      ** Training complete **
01-31 21:34 INFO     >> Global Model Test accuracy Top1: 43.960000
01-31 21:34 INFO     >> Global Model Test accuracy Top5: 90.770000
01-31 21:34 INFO     in comm round:6
01-31 21:34 INFO     Training network 0. n_training: 810
01-31 21:34 INFO     Training network 0
01-31 21:34 INFO     n_training: 6
01-31 21:34 INFO     n_test: 20
01-31 21:34 INFO     Epoch: 0 Loss: 1.456716
01-31 21:35 INFO     Epoch: 1 Loss: 1.388861
01-31 21:35 INFO     Epoch: 2 Loss: 1.387396
01-31 21:35 INFO     Epoch: 3 Loss: 1.285806
01-31 21:35 INFO     Epoch: 4 Loss: 1.288250
01-31 21:35 INFO      ** Training complete **
01-31 21:35 INFO     Training network 1. n_training: 1110
01-31 21:35 INFO     Training network 1
01-31 21:35 INFO     n_training: 8
01-31 21:35 INFO     n_test: 20
01-31 21:35 INFO     Epoch: 0 Loss: 1.525527
01-31 21:35 INFO     Epoch: 1 Loss: 1.479882
01-31 21:35 INFO     Epoch: 2 Loss: 1.407859
01-31 21:35 INFO     Epoch: 3 Loss: 1.293132
01-31 21:35 INFO     Epoch: 4 Loss: 1.267574
01-31 21:35 INFO      ** Training complete **
01-31 21:35 INFO     Training network 2. n_training: 1155
01-31 21:35 INFO     Training network 2
01-31 21:35 INFO     n_training: 9
01-31 21:35 INFO     n_test: 20
01-31 21:35 INFO     Epoch: 0 Loss: 1.469353
01-31 21:35 INFO     Epoch: 1 Loss: 1.457267
01-31 21:35 INFO     Epoch: 2 Loss: 1.360410
01-31 21:35 INFO     Epoch: 3 Loss: 1.329276
01-31 21:35 INFO     Epoch: 4 Loss: 1.212358
01-31 21:35 INFO      ** Training complete **
01-31 21:35 INFO     Training network 3. n_training: 818
01-31 21:35 INFO     Training network 3
01-31 21:35 INFO     n_training: 6
01-31 21:35 INFO     n_test: 20
01-31 21:35 INFO     Epoch: 0 Loss: 1.516523
01-31 21:35 INFO     Epoch: 1 Loss: 1.479673
01-31 21:35 INFO     Epoch: 2 Loss: 1.503120
01-31 21:35 INFO     Epoch: 3 Loss: 1.369081
01-31 21:35 INFO     Epoch: 4 Loss: 1.424873
01-31 21:35 INFO      ** Training complete **
01-31 21:35 INFO     Training network 4. n_training: 1107
01-31 21:35 INFO     Training network 4
01-31 21:35 INFO     n_training: 8
01-31 21:35 INFO     n_test: 20
01-31 21:35 INFO     Epoch: 0 Loss: 1.465780
01-31 21:36 INFO     Epoch: 1 Loss: 1.440983
01-31 21:36 INFO     Epoch: 2 Loss: 1.414625
01-31 21:36 INFO     Epoch: 3 Loss: 1.340745
01-31 21:36 INFO     Epoch: 4 Loss: 1.241210
01-31 21:36 INFO      ** Training complete **
01-31 21:38 INFO     >> Global Model Test accuracy Top1: 44.690000
01-31 21:38 INFO     >> Global Model Test accuracy Top5: 90.900000
01-31 21:38 INFO     in comm round:7
01-31 21:38 INFO     Training network 0. n_training: 810
01-31 21:38 INFO     Training network 0
01-31 21:38 INFO     n_training: 6
01-31 21:38 INFO     n_test: 20
01-31 21:38 INFO     Epoch: 0 Loss: 1.294459
01-31 21:38 INFO     Epoch: 1 Loss: 1.249756
01-31 21:38 INFO     Epoch: 2 Loss: 1.205543
01-31 21:38 INFO     Epoch: 3 Loss: 1.134601
01-31 21:38 INFO     Epoch: 4 Loss: 1.160429
01-31 21:38 INFO      ** Training complete **
01-31 21:38 INFO     Training network 1. n_training: 1110
01-31 21:38 INFO     Training network 1
01-31 21:38 INFO     n_training: 8
01-31 21:38 INFO     n_test: 20
01-31 21:38 INFO     Epoch: 0 Loss: 1.256618
01-31 21:38 INFO     Epoch: 1 Loss: 1.256211
01-31 21:38 INFO     Epoch: 2 Loss: 1.163384
01-31 21:38 INFO     Epoch: 3 Loss: 1.212492
01-31 21:38 INFO     Epoch: 4 Loss: 1.088279
01-31 21:38 INFO      ** Training complete **
01-31 21:38 INFO     Training network 2. n_training: 1155
01-31 21:38 INFO     Training network 2
01-31 21:38 INFO     n_training: 9
01-31 21:38 INFO     n_test: 20
01-31 21:38 INFO     Epoch: 0 Loss: 1.281805
01-31 21:38 INFO     Epoch: 1 Loss: 1.209376
01-31 21:38 INFO     Epoch: 2 Loss: 1.174285
01-31 21:38 INFO     Epoch: 3 Loss: 1.098939
01-31 21:38 INFO     Epoch: 4 Loss: 1.064462
01-31 21:38 INFO      ** Training complete **
01-31 21:38 INFO     Training network 3. n_training: 818
01-31 21:38 INFO     Training network 3
01-31 21:38 INFO     n_training: 6
01-31 21:38 INFO     n_test: 20
01-31 21:38 INFO     Epoch: 0 Loss: 1.340599
01-31 21:38 INFO     Epoch: 1 Loss: 1.315951
01-31 21:38 INFO     Epoch: 2 Loss: 1.212561
01-31 21:39 INFO     Epoch: 3 Loss: 1.190920
01-31 21:39 INFO     Epoch: 4 Loss: 1.177924
01-31 21:39 INFO      ** Training complete **
01-31 21:39 INFO     Training network 4. n_training: 1107
01-31 21:39 INFO     Training network 4
01-31 21:39 INFO     n_training: 8
01-31 21:39 INFO     n_test: 20
01-31 21:39 INFO     Epoch: 0 Loss: 1.247189
01-31 21:39 INFO     Epoch: 1 Loss: 1.289799
01-31 21:39 INFO     Epoch: 2 Loss: 1.261451
01-31 21:39 INFO     Epoch: 3 Loss: 1.134154
01-31 21:39 INFO     Epoch: 4 Loss: 1.107428
01-31 21:39 INFO      ** Training complete **
01-31 21:41 INFO     >> Global Model Test accuracy Top1: 45.540000
01-31 21:41 INFO     >> Global Model Test accuracy Top5: 90.980000
01-31 21:41 INFO     in comm round:8
01-31 21:41 INFO     Training network 0. n_training: 810
01-31 21:41 INFO     Training network 0
01-31 21:41 INFO     n_training: 6
01-31 21:41 INFO     n_test: 20
01-31 21:41 INFO     Epoch: 0 Loss: 1.069373
01-31 21:41 INFO     Epoch: 1 Loss: 1.115590
01-31 21:41 INFO     Epoch: 2 Loss: 1.109901
01-31 21:41 INFO     Epoch: 3 Loss: 1.076491
01-31 21:41 INFO     Epoch: 4 Loss: 1.061222
01-31 21:41 INFO      ** Training complete **
01-31 21:41 INFO     Training network 1. n_training: 1110
01-31 21:41 INFO     Training network 1
01-31 21:41 INFO     n_training: 8
01-31 21:41 INFO     n_test: 20
01-31 21:41 INFO     Epoch: 0 Loss: 1.087904
01-31 21:41 INFO     Epoch: 1 Loss: 1.086384
01-31 21:41 INFO     Epoch: 2 Loss: 1.039518
01-31 21:41 INFO     Epoch: 3 Loss: 1.060594
01-31 21:41 INFO     Epoch: 4 Loss: 1.029402
01-31 21:41 INFO      ** Training complete **
01-31 21:41 INFO     Training network 2. n_training: 1155
01-31 21:41 INFO     Training network 2
01-31 21:41 INFO     n_training: 9
01-31 21:41 INFO     n_test: 20
01-31 21:41 INFO     Epoch: 0 Loss: 1.060268
01-31 21:41 INFO     Epoch: 1 Loss: 1.062366
01-31 21:41 INFO     Epoch: 2 Loss: 1.025471
01-31 21:41 INFO     Epoch: 3 Loss: 1.006599
01-31 21:41 INFO     Epoch: 4 Loss: 1.059863
01-31 21:41 INFO      ** Training complete **
01-31 21:41 INFO     Training network 3. n_training: 818
01-31 21:41 INFO     Training network 3
01-31 21:41 INFO     n_training: 6
01-31 21:41 INFO     n_test: 20
01-31 21:41 INFO     Epoch: 0 Loss: 1.063736
01-31 21:42 INFO     Epoch: 1 Loss: 1.135253
01-31 21:42 INFO     Epoch: 2 Loss: 1.140464
01-31 21:42 INFO     Epoch: 3 Loss: 1.101991
01-31 21:42 INFO     Epoch: 4 Loss: 1.027189
01-31 21:42 INFO      ** Training complete **
01-31 21:42 INFO     Training network 4. n_training: 1107
01-31 21:42 INFO     Training network 4
01-31 21:42 INFO     n_training: 8
01-31 21:42 INFO     n_test: 20
01-31 21:42 INFO     Epoch: 0 Loss: 1.027142
01-31 21:42 INFO     Epoch: 1 Loss: 1.090849
01-31 21:42 INFO     Epoch: 2 Loss: 1.049813
01-31 21:42 INFO     Epoch: 3 Loss: 1.049979
01-31 21:42 INFO     Epoch: 4 Loss: 0.977182
01-31 21:42 INFO      ** Training complete **
01-31 21:44 INFO     >> Global Model Test accuracy Top1: 45.890000
01-31 21:44 INFO     >> Global Model Test accuracy Top5: 91.310000
01-31 21:44 INFO     in comm round:9
01-31 21:44 INFO     Training network 0. n_training: 810
01-31 21:44 INFO     Training network 0
01-31 21:44 INFO     n_training: 6
01-31 21:44 INFO     n_test: 20
01-31 21:44 INFO     Epoch: 0 Loss: 1.024493
01-31 21:44 INFO     Epoch: 1 Loss: 0.994464
01-31 21:44 INFO     Epoch: 2 Loss: 0.982530
01-31 21:44 INFO     Epoch: 3 Loss: 0.943613
01-31 21:44 INFO     Epoch: 4 Loss: 0.903543
01-31 21:44 INFO      ** Training complete **
01-31 21:44 INFO     Training network 1. n_training: 1110
01-31 21:44 INFO     Training network 1
01-31 21:44 INFO     n_training: 8
01-31 21:44 INFO     n_test: 20
01-31 21:44 INFO     Epoch: 0 Loss: 0.972437
01-31 21:44 INFO     Epoch: 1 Loss: 0.948523
01-31 21:44 INFO     Epoch: 2 Loss: 0.921607
01-31 21:44 INFO     Epoch: 3 Loss: 0.909626
01-31 21:44 INFO     Epoch: 4 Loss: 0.873807
01-31 21:44 INFO      ** Training complete **
01-31 21:44 INFO     Training network 2. n_training: 1155
01-31 21:44 INFO     Training network 2
01-31 21:44 INFO     n_training: 9
01-31 21:44 INFO     n_test: 20
01-31 21:44 INFO     Epoch: 0 Loss: 0.979938
01-31 21:44 INFO     Epoch: 1 Loss: 0.963054
01-31 21:44 INFO     Epoch: 2 Loss: 0.919353
01-31 21:45 INFO     Epoch: 3 Loss: 0.916814
01-31 21:45 INFO     Epoch: 4 Loss: 0.941456
01-31 21:45 INFO      ** Training complete **
01-31 21:45 INFO     Training network 3. n_training: 818
01-31 21:45 INFO     Training network 3
01-31 21:45 INFO     n_training: 6
01-31 21:45 INFO     n_test: 20
01-31 21:45 INFO     Epoch: 0 Loss: 0.985392
01-31 21:45 INFO     Epoch: 1 Loss: 1.004959
01-31 21:45 INFO     Epoch: 2 Loss: 0.944385
01-31 21:45 INFO     Epoch: 3 Loss: 0.976431
01-31 21:45 INFO     Epoch: 4 Loss: 0.970812
01-31 21:45 INFO      ** Training complete **
01-31 21:45 INFO     Training network 4. n_training: 1107
01-31 21:45 INFO     Training network 4
01-31 21:45 INFO     n_training: 8
01-31 21:45 INFO     n_test: 20
01-31 21:45 INFO     Epoch: 0 Loss: 0.934470
01-31 21:45 INFO     Epoch: 1 Loss: 0.984506
01-31 21:45 INFO     Epoch: 2 Loss: 1.044685
01-31 21:45 INFO     Epoch: 3 Loss: 0.985719
01-31 21:45 INFO     Epoch: 4 Loss: 0.889780
01-31 21:45 INFO      ** Training complete **
01-31 21:47 INFO     >> Global Model Test accuracy Top1: 45.890000
01-31 21:47 INFO     >> Global Model Test accuracy Top5: 91.440000
01-31 21:47 INFO     in comm round:10
01-31 21:47 INFO     Training network 0. n_training: 810
01-31 21:47 INFO     Training network 0
01-31 21:47 INFO     n_training: 6
01-31 21:47 INFO     n_test: 20
01-31 21:47 INFO     Epoch: 0 Loss: 0.837374
01-31 21:47 INFO     Epoch: 1 Loss: 0.856328
01-31 21:47 INFO     Epoch: 2 Loss: 0.857116
01-31 21:47 INFO     Epoch: 3 Loss: 0.885376
01-31 21:47 INFO     Epoch: 4 Loss: 0.811934
01-31 21:47 INFO      ** Training complete **
01-31 21:47 INFO     Training network 1. n_training: 1110
01-31 21:47 INFO     Training network 1
01-31 21:47 INFO     n_training: 8
01-31 21:47 INFO     n_test: 20
01-31 21:47 INFO     Epoch: 0 Loss: 0.855642
01-31 21:47 INFO     Epoch: 1 Loss: 0.871441
01-31 21:47 INFO     Epoch: 2 Loss: 0.859017
01-31 21:47 INFO     Epoch: 3 Loss: 0.871264
01-31 21:47 INFO     Epoch: 4 Loss: 0.829568
01-31 21:47 INFO      ** Training complete **
01-31 21:47 INFO     Training network 2. n_training: 1155
01-31 21:47 INFO     Training network 2
01-31 21:47 INFO     n_training: 9
01-31 21:47 INFO     n_test: 20
01-31 21:47 INFO     Epoch: 0 Loss: 0.837252
01-31 21:47 INFO     Epoch: 1 Loss: 0.873430
01-31 21:48 INFO     Epoch: 2 Loss: 0.826671
01-31 21:48 INFO     Epoch: 3 Loss: 0.861951
01-31 21:48 INFO     Epoch: 4 Loss: 0.781728
01-31 21:48 INFO      ** Training complete **
01-31 21:48 INFO     Training network 3. n_training: 818
01-31 21:48 INFO     Training network 3
01-31 21:48 INFO     n_training: 6
01-31 21:48 INFO     n_test: 20
01-31 21:48 INFO     Epoch: 0 Loss: 0.909972
01-31 21:48 INFO     Epoch: 1 Loss: 0.864644
01-31 21:48 INFO     Epoch: 2 Loss: 0.891011
01-31 21:48 INFO     Epoch: 3 Loss: 0.876326
01-31 21:48 INFO     Epoch: 4 Loss: 0.856984
01-31 21:48 INFO      ** Training complete **
01-31 21:48 INFO     Training network 4. n_training: 1107
01-31 21:48 INFO     Training network 4
01-31 21:48 INFO     n_training: 8
01-31 21:48 INFO     n_test: 20
01-31 21:48 INFO     Epoch: 0 Loss: 0.826741
01-31 21:48 INFO     Epoch: 1 Loss: 0.855727
01-31 21:48 INFO     Epoch: 2 Loss: 0.836413
01-31 21:48 INFO     Epoch: 3 Loss: 0.874266
01-31 21:48 INFO     Epoch: 4 Loss: 0.790000
01-31 21:48 INFO      ** Training complete **
01-31 21:50 INFO     >> Global Model Test accuracy Top1: 45.550000
01-31 21:50 INFO     >> Global Model Test accuracy Top5: 91.090000
01-31 21:50 INFO     in comm round:11
01-31 21:50 INFO     Training network 0. n_training: 810
01-31 21:50 INFO     Training network 0
01-31 21:50 INFO     n_training: 6
01-31 21:50 INFO     n_test: 20
01-31 21:50 INFO     Epoch: 0 Loss: 0.783432
01-31 21:50 INFO     Epoch: 1 Loss: 0.790569
01-31 21:50 INFO     Epoch: 2 Loss: 0.776228
01-31 21:50 INFO     Epoch: 3 Loss: 0.812282
01-31 21:50 INFO     Epoch: 4 Loss: 0.778605
01-31 21:50 INFO      ** Training complete **
01-31 21:50 INFO     Training network 1. n_training: 1110
01-31 21:50 INFO     Training network 1
01-31 21:50 INFO     n_training: 8
01-31 21:50 INFO     n_test: 20
01-31 21:50 INFO     Epoch: 0 Loss: 0.789684
01-31 21:50 INFO     Epoch: 1 Loss: 0.825705
01-31 21:50 INFO     Epoch: 2 Loss: 0.813539
01-31 21:51 INFO     Epoch: 3 Loss: 0.770809
01-31 21:51 INFO     Epoch: 4 Loss: 0.745638
01-31 21:51 INFO      ** Training complete **
01-31 21:51 INFO     Training network 2. n_training: 1155
01-31 21:51 INFO     Training network 2
01-31 21:51 INFO     n_training: 9
01-31 21:51 INFO     n_test: 20
01-31 21:51 INFO     Epoch: 0 Loss: 0.799365
01-31 21:51 INFO     Epoch: 1 Loss: 0.779022
01-31 21:51 INFO     Epoch: 2 Loss: 0.760678
01-31 21:51 INFO     Epoch: 3 Loss: 0.746871
01-31 21:51 INFO     Epoch: 4 Loss: 0.727466
01-31 21:51 INFO      ** Training complete **
01-31 21:51 INFO     Training network 3. n_training: 818
01-31 21:51 INFO     Training network 3
01-31 21:51 INFO     n_training: 6
01-31 21:51 INFO     n_test: 20
01-31 21:51 INFO     Epoch: 0 Loss: 0.808335
01-31 21:51 INFO     Epoch: 1 Loss: 0.795072
01-31 21:51 INFO     Epoch: 2 Loss: 0.823065
01-31 21:51 INFO     Epoch: 3 Loss: 0.784233
01-31 21:51 INFO     Epoch: 4 Loss: 0.806651
01-31 21:51 INFO      ** Training complete **
01-31 21:51 INFO     Training network 4. n_training: 1107
01-31 21:51 INFO     Training network 4
01-31 21:51 INFO     n_training: 8
01-31 21:51 INFO     n_test: 20
01-31 21:51 INFO     Epoch: 0 Loss: 0.803462
01-31 21:51 INFO     Epoch: 1 Loss: 0.835822
01-31 21:51 INFO     Epoch: 2 Loss: 0.789923
01-31 21:51 INFO     Epoch: 3 Loss: 0.799041
01-31 21:51 INFO     Epoch: 4 Loss: 0.780176
01-31 21:51 INFO      ** Training complete **
01-31 21:53 INFO     >> Global Model Test accuracy Top1: 45.880000
01-31 21:53 INFO     >> Global Model Test accuracy Top5: 91.010000
01-31 21:53 INFO     in comm round:12
01-31 21:53 INFO     Training network 0. n_training: 810
01-31 21:53 INFO     Training network 0
01-31 21:53 INFO     n_training: 6
01-31 21:53 INFO     n_test: 20
01-31 21:53 INFO     Epoch: 0 Loss: 0.795197
01-31 21:53 INFO     Epoch: 1 Loss: 0.774334
01-31 21:53 INFO     Epoch: 2 Loss: 0.776456
01-31 21:53 INFO     Epoch: 3 Loss: 0.734997
01-31 21:53 INFO     Epoch: 4 Loss: 0.736466
01-31 21:53 INFO      ** Training complete **
01-31 21:53 INFO     Training network 1. n_training: 1110
01-31 21:53 INFO     Training network 1
01-31 21:53 INFO     n_training: 8
01-31 21:53 INFO     n_test: 20
01-31 21:53 INFO     Epoch: 0 Loss: 0.743959
01-31 21:53 INFO     Epoch: 1 Loss: 0.745425
01-31 21:54 INFO     Epoch: 2 Loss: 0.741362
01-31 21:54 INFO     Epoch: 3 Loss: 0.710154
01-31 21:54 INFO     Epoch: 4 Loss: 0.666277
01-31 21:54 INFO      ** Training complete **
01-31 21:54 INFO     Training network 2. n_training: 1155
01-31 21:54 INFO     Training network 2
01-31 21:54 INFO     n_training: 9
01-31 21:54 INFO     n_test: 20
01-31 21:54 INFO     Epoch: 0 Loss: 0.707423
01-31 21:54 INFO     Epoch: 1 Loss: 0.755943
01-31 21:54 INFO     Epoch: 2 Loss: 0.723031
01-31 21:54 INFO     Epoch: 3 Loss: 0.737141
01-31 21:54 INFO     Epoch: 4 Loss: 0.703845
01-31 21:54 INFO      ** Training complete **
01-31 21:54 INFO     Training network 3. n_training: 818
01-31 21:54 INFO     Training network 3
01-31 21:54 INFO     n_training: 6
01-31 21:54 INFO     n_test: 20
01-31 21:54 INFO     Epoch: 0 Loss: 0.794902
01-31 21:54 INFO     Epoch: 1 Loss: 0.748154
01-31 21:54 INFO     Epoch: 2 Loss: 0.776805
01-31 21:54 INFO     Epoch: 3 Loss: 0.757010
01-31 21:54 INFO     Epoch: 4 Loss: 0.760154
01-31 21:54 INFO      ** Training complete **
01-31 21:54 INFO     Training network 4. n_training: 1107
01-31 21:54 INFO     Training network 4
01-31 21:54 INFO     n_training: 8
01-31 21:54 INFO     n_test: 20
01-31 21:54 INFO     Epoch: 0 Loss: 0.745688
01-31 21:54 INFO     Epoch: 1 Loss: 0.748758
01-31 21:54 INFO     Epoch: 2 Loss: 0.739727
01-31 21:54 INFO     Epoch: 3 Loss: 0.775270
01-31 21:54 INFO     Epoch: 4 Loss: 0.713954
01-31 21:54 INFO      ** Training complete **
01-31 21:56 INFO     >> Global Model Test accuracy Top1: 46.500000
01-31 21:56 INFO     >> Global Model Test accuracy Top5: 91.370000
01-31 21:56 INFO     in comm round:13
01-31 21:56 INFO     Training network 0. n_training: 810
01-31 21:56 INFO     Training network 0
01-31 21:56 INFO     n_training: 6
01-31 21:56 INFO     n_test: 20
01-31 21:56 INFO     Epoch: 0 Loss: 0.689506
01-31 21:56 INFO     Epoch: 1 Loss: 0.697712
01-31 21:56 INFO     Epoch: 2 Loss: 0.665713
01-31 21:56 INFO     Epoch: 3 Loss: 0.674593
01-31 21:56 INFO     Epoch: 4 Loss: 0.640766
01-31 21:56 INFO      ** Training complete **
01-31 21:56 INFO     Training network 1. n_training: 1110
01-31 21:56 INFO     Training network 1
01-31 21:56 INFO     n_training: 8
01-31 21:56 INFO     n_test: 20
01-31 21:57 INFO     Epoch: 0 Loss: 0.627161
01-31 21:57 INFO     Epoch: 1 Loss: 0.679659
01-31 21:57 INFO     Epoch: 2 Loss: 0.676899
01-31 21:57 INFO     Epoch: 3 Loss: 0.657354
01-31 21:57 INFO     Epoch: 4 Loss: 0.647143
01-31 21:57 INFO      ** Training complete **
01-31 21:57 INFO     Training network 2. n_training: 1155
01-31 21:57 INFO     Training network 2
01-31 21:57 INFO     n_training: 9
01-31 21:57 INFO     n_test: 20
01-31 21:57 INFO     Epoch: 0 Loss: 0.643167
01-31 21:57 INFO     Epoch: 1 Loss: 0.656039
01-31 21:57 INFO     Epoch: 2 Loss: 0.641919
01-31 21:57 INFO     Epoch: 3 Loss: 0.662539
01-31 21:57 INFO     Epoch: 4 Loss: 0.638393
01-31 21:57 INFO      ** Training complete **
01-31 21:57 INFO     Training network 3. n_training: 818
01-31 21:57 INFO     Training network 3
01-31 21:57 INFO     n_training: 6
01-31 21:57 INFO     n_test: 20
01-31 21:57 INFO     Epoch: 0 Loss: 0.662710
01-31 21:57 INFO     Epoch: 1 Loss: 0.672052
01-31 21:57 INFO     Epoch: 2 Loss: 0.714394
01-31 21:57 INFO     Epoch: 3 Loss: 0.715373
01-31 21:57 INFO     Epoch: 4 Loss: 0.708562
01-31 21:57 INFO      ** Training complete **
01-31 21:57 INFO     Training network 4. n_training: 1107
01-31 21:57 INFO     Training network 4
01-31 21:57 INFO     n_training: 8
01-31 21:57 INFO     n_test: 20
01-31 21:57 INFO     Epoch: 0 Loss: 0.678477
01-31 21:57 INFO     Epoch: 1 Loss: 0.659750
01-31 21:57 INFO     Epoch: 2 Loss: 0.679075
01-31 21:57 INFO     Epoch: 3 Loss: 0.672012
01-31 21:58 INFO     Epoch: 4 Loss: 0.660141
01-31 21:58 INFO      ** Training complete **
01-31 21:59 INFO     >> Global Model Test accuracy Top1: 46.420000
01-31 21:59 INFO     >> Global Model Test accuracy Top5: 91.630000
01-31 21:59 INFO     in comm round:14
01-31 21:59 INFO     Training network 0. n_training: 810
01-31 21:59 INFO     Training network 0
01-31 21:59 INFO     n_training: 6
01-31 21:59 INFO     n_test: 20
01-31 21:59 INFO     Epoch: 0 Loss: 0.607658
01-31 21:59 INFO     Epoch: 1 Loss: 0.660078
01-31 22:00 INFO     Epoch: 2 Loss: 0.671275
01-31 22:00 INFO     Epoch: 3 Loss: 0.623269
01-31 22:00 INFO     Epoch: 4 Loss: 0.605505
01-31 22:00 INFO      ** Training complete **
01-31 22:00 INFO     Training network 1. n_training: 1110
01-31 22:00 INFO     Training network 1
01-31 22:00 INFO     n_training: 8
01-31 22:00 INFO     n_test: 20
01-31 22:00 INFO     Epoch: 0 Loss: 0.619215
01-31 22:00 INFO     Epoch: 1 Loss: 0.630146
01-31 22:00 INFO     Epoch: 2 Loss: 0.610246
01-31 22:00 INFO     Epoch: 3 Loss: 0.586737
01-31 22:00 INFO     Epoch: 4 Loss: 0.620579
01-31 22:00 INFO      ** Training complete **
01-31 22:00 INFO     Training network 2. n_training: 1155
01-31 22:00 INFO     Training network 2
01-31 22:00 INFO     n_training: 9
01-31 22:00 INFO     n_test: 20
01-31 22:00 INFO     Epoch: 0 Loss: 0.600754
01-31 22:00 INFO     Epoch: 1 Loss: 0.619694
01-31 22:00 INFO     Epoch: 2 Loss: 0.639103
01-31 22:00 INFO     Epoch: 3 Loss: 0.647791
01-31 22:00 INFO     Epoch: 4 Loss: 0.612653
01-31 22:00 INFO      ** Training complete **
01-31 22:00 INFO     Training network 3. n_training: 818
01-31 22:00 INFO     Training network 3
01-31 22:00 INFO     n_training: 6
01-31 22:00 INFO     n_test: 20
01-31 22:00 INFO     Epoch: 0 Loss: 0.652221
01-31 22:00 INFO     Epoch: 1 Loss: 0.675340
01-31 22:00 INFO     Epoch: 2 Loss: 0.664901
01-31 22:00 INFO     Epoch: 3 Loss: 0.696025
01-31 22:00 INFO     Epoch: 4 Loss: 0.636882
01-31 22:00 INFO      ** Training complete **
01-31 22:00 INFO     Training network 4. n_training: 1107
01-31 22:00 INFO     Training network 4
01-31 22:00 INFO     n_training: 8
01-31 22:00 INFO     n_test: 20
01-31 22:01 INFO     Epoch: 0 Loss: 0.587936
01-31 22:01 INFO     Epoch: 1 Loss: 0.669498
01-31 22:01 INFO     Epoch: 2 Loss: 0.658293
01-31 22:01 INFO     Epoch: 3 Loss: 0.625868
01-31 22:01 INFO     Epoch: 4 Loss: 0.635045
01-31 22:01 INFO      ** Training complete **
01-31 22:03 INFO     >> Global Model Test accuracy Top1: 46.150000
01-31 22:03 INFO     >> Global Model Test accuracy Top5: 91.090000
01-31 22:03 INFO     in comm round:15
01-31 22:03 INFO     Training network 0. n_training: 810
01-31 22:03 INFO     Training network 0
01-31 22:03 INFO     n_training: 6
01-31 22:03 INFO     n_test: 20
01-31 22:03 INFO     Epoch: 0 Loss: 0.565765
01-31 22:03 INFO     Epoch: 1 Loss: 0.607099
01-31 22:03 INFO     Epoch: 2 Loss: 0.587866
01-31 22:03 INFO     Epoch: 3 Loss: 0.562722
01-31 22:03 INFO     Epoch: 4 Loss: 0.579221
01-31 22:03 INFO      ** Training complete **
01-31 22:03 INFO     Training network 1. n_training: 1110
01-31 22:03 INFO     Training network 1
01-31 22:03 INFO     n_training: 8
01-31 22:03 INFO     n_test: 20
01-31 22:03 INFO     Epoch: 0 Loss: 0.610281
01-31 22:03 INFO     Epoch: 1 Loss: 0.566747
01-31 22:03 INFO     Epoch: 2 Loss: 0.606010
01-31 22:03 INFO     Epoch: 3 Loss: 0.585916
01-31 22:03 INFO     Epoch: 4 Loss: 0.559310
01-31 22:03 INFO      ** Training complete **
01-31 22:03 INFO     Training network 2. n_training: 1155
01-31 22:03 INFO     Training network 2
01-31 22:03 INFO     n_training: 9
01-31 22:03 INFO     n_test: 20
01-31 22:03 INFO     Epoch: 0 Loss: 0.526755
01-31 22:03 INFO     Epoch: 1 Loss: 0.585259
01-31 22:03 INFO     Epoch: 2 Loss: 0.586303
01-31 22:03 INFO     Epoch: 3 Loss: 0.575066
01-31 22:03 INFO     Epoch: 4 Loss: 0.507292
01-31 22:03 INFO      ** Training complete **
01-31 22:03 INFO     Training network 3. n_training: 818
01-31 22:03 INFO     Training network 3
01-31 22:03 INFO     n_training: 6
01-31 22:03 INFO     n_test: 20
01-31 22:03 INFO     Epoch: 0 Loss: 0.569081
01-31 22:03 INFO     Epoch: 1 Loss: 0.608305
01-31 22:03 INFO     Epoch: 2 Loss: 0.629938
01-31 22:03 INFO     Epoch: 3 Loss: 0.624547
01-31 22:04 INFO     Epoch: 4 Loss: 0.615235
01-31 22:04 INFO      ** Training complete **
01-31 22:04 INFO     Training network 4. n_training: 1107
01-31 22:04 INFO     Training network 4
01-31 22:04 INFO     n_training: 8
01-31 22:04 INFO     n_test: 20
01-31 22:04 INFO     Epoch: 0 Loss: 0.561631
01-31 22:04 INFO     Epoch: 1 Loss: 0.590229
01-31 22:04 INFO     Epoch: 2 Loss: 0.610587
01-31 22:04 INFO     Epoch: 3 Loss: 0.598169
01-31 22:04 INFO     Epoch: 4 Loss: 0.577241
01-31 22:04 INFO      ** Training complete **
01-31 22:06 INFO     >> Global Model Test accuracy Top1: 46.250000
01-31 22:06 INFO     >> Global Model Test accuracy Top5: 91.390000
01-31 22:06 INFO     in comm round:16
01-31 22:06 INFO     Training network 0. n_training: 810
01-31 22:06 INFO     Training network 0
01-31 22:06 INFO     n_training: 6
01-31 22:06 INFO     n_test: 20
01-31 22:06 INFO     Epoch: 0 Loss: 0.558707
01-31 22:06 INFO     Epoch: 1 Loss: 0.589668
01-31 22:06 INFO     Epoch: 2 Loss: 0.579254
01-31 22:06 INFO     Epoch: 3 Loss: 0.547610
01-31 22:06 INFO     Epoch: 4 Loss: 0.579190
01-31 22:06 INFO      ** Training complete **
01-31 22:06 INFO     Training network 1. n_training: 1110
01-31 22:06 INFO     Training network 1
01-31 22:06 INFO     n_training: 8
01-31 22:06 INFO     n_test: 20
01-31 22:06 INFO     Epoch: 0 Loss: 0.524160
01-31 22:06 INFO     Epoch: 1 Loss: 0.557846
01-31 22:06 INFO     Epoch: 2 Loss: 0.563746
01-31 22:06 INFO     Epoch: 3 Loss: 0.510941
01-31 22:06 INFO     Epoch: 4 Loss: 0.490401
01-31 22:06 INFO      ** Training complete **
01-31 22:06 INFO     Training network 2. n_training: 1155
01-31 22:06 INFO     Training network 2
01-31 22:06 INFO     n_training: 9
01-31 22:06 INFO     n_test: 20
01-31 22:06 INFO     Epoch: 0 Loss: 0.526666
01-31 22:06 INFO     Epoch: 1 Loss: 0.533210
01-31 22:06 INFO     Epoch: 2 Loss: 0.520564
01-31 22:06 INFO     Epoch: 3 Loss: 0.558010
01-31 22:06 INFO     Epoch: 4 Loss: 0.543207
01-31 22:06 INFO      ** Training complete **
01-31 22:06 INFO     Training network 3. n_training: 818
01-31 22:06 INFO     Training network 3
01-31 22:06 INFO     n_training: 6
01-31 22:06 INFO     n_test: 20
01-31 22:06 INFO     Epoch: 0 Loss: 0.561551
01-31 22:07 INFO     Epoch: 1 Loss: 0.567796
01-31 22:07 INFO     Epoch: 2 Loss: 0.569774
01-31 22:07 INFO     Epoch: 3 Loss: 0.566607
01-31 22:07 INFO     Epoch: 4 Loss: 0.546647
01-31 22:07 INFO      ** Training complete **
01-31 22:07 INFO     Training network 4. n_training: 1107
01-31 22:07 INFO     Training network 4
01-31 22:07 INFO     n_training: 8
01-31 22:07 INFO     n_test: 20
01-31 22:07 INFO     Epoch: 0 Loss: 0.532245
01-31 22:07 INFO     Epoch: 1 Loss: 0.517821
01-31 22:07 INFO     Epoch: 2 Loss: 0.551095
01-31 22:07 INFO     Epoch: 3 Loss: 0.556327
01-31 22:07 INFO     Epoch: 4 Loss: 0.514690
01-31 22:07 INFO      ** Training complete **
01-31 22:09 INFO     >> Global Model Test accuracy Top1: 47.110000
01-31 22:09 INFO     >> Global Model Test accuracy Top5: 91.200000
01-31 22:09 INFO     in comm round:17
01-31 22:09 INFO     Training network 0. n_training: 810
01-31 22:09 INFO     Training network 0
01-31 22:09 INFO     n_training: 6
01-31 22:09 INFO     n_test: 20
01-31 22:09 INFO     Epoch: 0 Loss: 0.542243
01-31 22:09 INFO     Epoch: 1 Loss: 0.489285
01-31 22:09 INFO     Epoch: 2 Loss: 0.537915
01-31 22:09 INFO     Epoch: 3 Loss: 0.520604
01-31 22:09 INFO     Epoch: 4 Loss: 0.502224
01-31 22:09 INFO      ** Training complete **
01-31 22:09 INFO     Training network 1. n_training: 1110
01-31 22:09 INFO     Training network 1
01-31 22:09 INFO     n_training: 8
01-31 22:09 INFO     n_test: 20
01-31 22:09 INFO     Epoch: 0 Loss: 0.491435
01-31 22:09 INFO     Epoch: 1 Loss: 0.495784
01-31 22:09 INFO     Epoch: 2 Loss: 0.519066
01-31 22:09 INFO     Epoch: 3 Loss: 0.523352
01-31 22:09 INFO     Epoch: 4 Loss: 0.490048
01-31 22:09 INFO      ** Training complete **
01-31 22:09 INFO     Training network 2. n_training: 1155
01-31 22:09 INFO     Training network 2
01-31 22:09 INFO     n_training: 9
01-31 22:09 INFO     n_test: 20
01-31 22:09 INFO     Epoch: 0 Loss: 0.474347
01-31 22:09 INFO     Epoch: 1 Loss: 0.515626
01-31 22:09 INFO     Epoch: 2 Loss: 0.479686
01-31 22:09 INFO     Epoch: 3 Loss: 0.479849
01-31 22:10 INFO     Epoch: 4 Loss: 0.480439
01-31 22:10 INFO      ** Training complete **
01-31 22:10 INFO     Training network 3. n_training: 818
01-31 22:10 INFO     Training network 3
01-31 22:10 INFO     n_training: 6
01-31 22:10 INFO     n_test: 20
01-31 22:10 INFO     Epoch: 0 Loss: 0.499957
01-31 22:10 INFO     Epoch: 1 Loss: 0.513778
01-31 22:10 INFO     Epoch: 2 Loss: 0.546278
01-31 22:10 INFO     Epoch: 3 Loss: 0.538712
01-31 22:10 INFO     Epoch: 4 Loss: 0.574076
01-31 22:10 INFO      ** Training complete **
01-31 22:10 INFO     Training network 4. n_training: 1107
01-31 22:10 INFO     Training network 4
01-31 22:10 INFO     n_training: 8
01-31 22:10 INFO     n_test: 20
01-31 22:10 INFO     Epoch: 0 Loss: 0.509475
01-31 22:10 INFO     Epoch: 1 Loss: 0.528788
01-31 22:10 INFO     Epoch: 2 Loss: 0.532010
01-31 22:10 INFO     Epoch: 3 Loss: 0.534278
01-31 22:10 INFO     Epoch: 4 Loss: 0.522123
01-31 22:10 INFO      ** Training complete **
01-31 22:12 INFO     >> Global Model Test accuracy Top1: 47.620000
01-31 22:12 INFO     >> Global Model Test accuracy Top5: 91.340000
01-31 22:12 INFO     in comm round:18
01-31 22:12 INFO     Training network 0. n_training: 810
01-31 22:12 INFO     Training network 0
01-31 22:12 INFO     n_training: 6
01-31 22:12 INFO     n_test: 20
01-31 22:12 INFO     Epoch: 0 Loss: 0.456078
01-31 22:12 INFO     Epoch: 1 Loss: 0.503431
01-31 22:12 INFO     Epoch: 2 Loss: 0.478602
01-31 22:12 INFO     Epoch: 3 Loss: 0.498479
01-31 22:12 INFO     Epoch: 4 Loss: 0.477452
01-31 22:12 INFO      ** Training complete **
01-31 22:12 INFO     Training network 1. n_training: 1110
01-31 22:12 INFO     Training network 1
01-31 22:12 INFO     n_training: 8
01-31 22:12 INFO     n_test: 20
01-31 22:12 INFO     Epoch: 0 Loss: 0.522378
01-31 22:12 INFO     Epoch: 1 Loss: 0.482654
01-31 22:12 INFO     Epoch: 2 Loss: 0.512807
01-31 22:12 INFO     Epoch: 3 Loss: 0.491640
01-31 22:12 INFO     Epoch: 4 Loss: 0.481930
01-31 22:12 INFO      ** Training complete **
01-31 22:12 INFO     Training network 2. n_training: 1155
01-31 22:12 INFO     Training network 2
01-31 22:12 INFO     n_training: 9
01-31 22:12 INFO     n_test: 20
01-31 22:12 INFO     Epoch: 0 Loss: 0.492145
01-31 22:13 INFO     Epoch: 1 Loss: 0.478591
01-31 22:13 INFO     Epoch: 2 Loss: 0.498439
01-31 22:13 INFO     Epoch: 3 Loss: 0.528401
01-31 22:13 INFO     Epoch: 4 Loss: 0.497284
01-31 22:13 INFO      ** Training complete **
01-31 22:13 INFO     Training network 3. n_training: 818
01-31 22:13 INFO     Training network 3
01-31 22:13 INFO     n_training: 6
01-31 22:13 INFO     n_test: 20
01-31 22:13 INFO     Epoch: 0 Loss: 0.492416
01-31 22:13 INFO     Epoch: 1 Loss: 0.520995
01-31 22:13 INFO     Epoch: 2 Loss: 0.515498
01-31 22:13 INFO     Epoch: 3 Loss: 0.486343
01-31 22:13 INFO     Epoch: 4 Loss: 0.514657
01-31 22:13 INFO      ** Training complete **
01-31 22:13 INFO     Training network 4. n_training: 1107
01-31 22:13 INFO     Training network 4
01-31 22:13 INFO     n_training: 8
01-31 22:13 INFO     n_test: 20
01-31 22:13 INFO     Epoch: 0 Loss: 0.496073
01-31 22:13 INFO     Epoch: 1 Loss: 0.532234
01-31 22:13 INFO     Epoch: 2 Loss: 0.460642
01-31 22:13 INFO     Epoch: 3 Loss: 0.492738
01-31 22:13 INFO     Epoch: 4 Loss: 0.473279
01-31 22:13 INFO      ** Training complete **
01-31 22:15 INFO     >> Global Model Test accuracy Top1: 47.540000
01-31 22:15 INFO     >> Global Model Test accuracy Top5: 91.710000
01-31 22:15 INFO     in comm round:19
01-31 22:15 INFO     Training network 0. n_training: 810
01-31 22:15 INFO     Training network 0
01-31 22:15 INFO     n_training: 6
01-31 22:15 INFO     n_test: 20
01-31 22:15 INFO     Epoch: 0 Loss: 0.457567
01-31 22:15 INFO     Epoch: 1 Loss: 0.469837
01-31 22:15 INFO     Epoch: 2 Loss: 0.459585
01-31 22:15 INFO     Epoch: 3 Loss: 0.451896
01-31 22:15 INFO     Epoch: 4 Loss: 0.482280
01-31 22:15 INFO      ** Training complete **
01-31 22:15 INFO     Training network 1. n_training: 1110
01-31 22:15 INFO     Training network 1
01-31 22:15 INFO     n_training: 8
01-31 22:15 INFO     n_test: 20
01-31 22:15 INFO     Epoch: 0 Loss: 0.455534
01-31 22:16 INFO     Epoch: 1 Loss: 0.467898
01-31 22:16 INFO     Epoch: 2 Loss: 0.467653
01-31 22:16 INFO     Epoch: 3 Loss: 0.461028
01-31 22:16 INFO     Epoch: 4 Loss: 0.461061
01-31 22:16 INFO      ** Training complete **
01-31 22:16 INFO     Training network 2. n_training: 1155
01-31 22:16 INFO     Training network 2
01-31 22:16 INFO     n_training: 9
01-31 22:16 INFO     n_test: 20
01-31 22:16 INFO     Epoch: 0 Loss: 0.436020
01-31 22:16 INFO     Epoch: 1 Loss: 0.434432
01-31 22:16 INFO     Epoch: 2 Loss: 0.436549
01-31 22:16 INFO     Epoch: 3 Loss: 0.469596
01-31 22:16 INFO     Epoch: 4 Loss: 0.442306
01-31 22:16 INFO      ** Training complete **
01-31 22:16 INFO     Training network 3. n_training: 818
01-31 22:16 INFO     Training network 3
01-31 22:16 INFO     n_training: 6
01-31 22:16 INFO     n_test: 20
01-31 22:16 INFO     Epoch: 0 Loss: 0.474212
01-31 22:16 INFO     Epoch: 1 Loss: 0.489430
01-31 22:16 INFO     Epoch: 2 Loss: 0.473036
01-31 22:16 INFO     Epoch: 3 Loss: 0.485170
01-31 22:16 INFO     Epoch: 4 Loss: 0.459162
01-31 22:16 INFO      ** Training complete **
01-31 22:16 INFO     Training network 4. n_training: 1107
01-31 22:16 INFO     Training network 4
01-31 22:16 INFO     n_training: 8
01-31 22:16 INFO     n_test: 20
01-31 22:16 INFO     Epoch: 0 Loss: 0.462442
01-31 22:16 INFO     Epoch: 1 Loss: 0.466517
01-31 22:16 INFO     Epoch: 2 Loss: 0.490862
01-31 22:16 INFO     Epoch: 3 Loss: 0.505130
01-31 22:17 INFO     Epoch: 4 Loss: 0.488556
01-31 22:17 INFO      ** Training complete **
01-31 22:18 INFO     >> Global Model Test accuracy Top1: 47.680000
01-31 22:18 INFO     >> Global Model Test accuracy Top5: 91.580000
