01-27 20:35 INFO     Dataset: svhn, Portion: 0.1, Method: simsiam, Batch Size: 512, Number of Parties: 3, Temperature: 1.0, Teacher Temperature: 0.1, Student Temperature: 0.1, Epochs: 3, Log Date: 2025-01-27 20:35:34
01-27 20:35 INFO     cuda:0
01-27 20:35 INFO     Partitioning data
01-27 20:35 INFO     Data statistics: {0: {np.int64(0): np.int64(235), np.int64(1): np.int64(1204), np.int64(2): np.int64(467), np.int64(3): np.int64(8), np.int64(4): np.int64(48), np.int64(5): np.int64(152), np.int64(6): np.int64(89), np.int64(7): np.int64(158), np.int64(8): np.int64(514)}, 1: {np.int64(0): np.int64(118), np.int64(1): np.int64(66), np.int64(2): np.int64(544), np.int64(3): np.int64(782), np.int64(4): np.int64(489), np.int64(5): np.int64(379), np.int64(6): np.int64(364)}, 2: {np.int64(0): np.int64(131), np.int64(1): np.int64(101), np.int64(2): np.int64(54), np.int64(3): np.int64(53), np.int64(4): np.int64(208), np.int64(5): np.int64(167), np.int64(6): np.int64(96), np.int64(7): np.int64(407), np.int64(8): np.int64(7), np.int64(9): np.int64(484)}}
01-27 20:35 INFO     Initializing nets
01-27 20:36 INFO     in comm round:0
01-27 20:36 INFO     Training network 0. n_training: 2875
01-27 20:36 INFO     Training network 0
01-27 20:36 INFO     n_training: 11
01-27 20:36 INFO     n_test: 26
01-27 20:36 INFO     Epoch: 0 Loss: -0.147900
01-27 20:36 INFO     Epoch: 1 Loss: -0.560417
01-27 20:36 INFO     Epoch: 2 Loss: -0.786126
01-27 20:36 INFO      ** Training complete **
01-27 20:36 INFO     Training network 1. n_training: 2742
01-27 20:36 INFO     Training network 1
01-27 20:36 INFO     n_training: 10
01-27 20:36 INFO     n_test: 26
01-27 20:37 INFO     Epoch: 0 Loss: -0.130917
01-27 20:37 INFO     Epoch: 1 Loss: -0.524610
01-27 20:37 INFO     Epoch: 2 Loss: -0.763504
01-27 20:37 INFO      ** Training complete **
01-27 20:37 INFO     Training network 2. n_training: 1708
01-27 20:37 INFO     Training network 2
01-27 20:37 INFO     n_training: 6
01-27 20:37 INFO     n_test: 26
01-27 20:37 INFO     Epoch: 0 Loss: -0.058721
01-27 20:37 INFO     Epoch: 1 Loss: -0.284627
01-27 20:37 INFO     Epoch: 2 Loss: -0.529365
01-27 20:37 INFO      ** Training complete **
01-27 20:43 INFO     >> Global Model Test accuracy Top1: 24.051168
01-27 20:43 INFO     >> Global Model Test accuracy Top5: 69.456822
01-27 20:43 INFO     in comm round:1
01-27 20:43 INFO     Training network 0. n_training: 2875
01-27 20:43 INFO     Training network 0
01-27 20:43 INFO     n_training: 11
01-27 20:43 INFO     n_test: 26
01-27 20:43 INFO     Epoch: 0 Loss: -0.090600
