01-29 17:42 INFO     Dataset: svhn, Portion: 0.1, Method: simsiam_no_rel_loss, Batch Size: 512, Number of Parties: 3, Temperature: 0.1, Teacher Temperature: 0.1, Student Temperature: 0.1, Epochs: 3, Log Date: 2025-01-29 17:42:52
01-29 17:42 INFO     cuda:0
01-29 17:42 INFO     Partitioning data
01-29 17:42 INFO     Data statistics: {0: {np.int64(0): np.int64(235), np.int64(1): np.int64(1204), np.int64(2): np.int64(467), np.int64(3): np.int64(8), np.int64(4): np.int64(48), np.int64(5): np.int64(152), np.int64(6): np.int64(89), np.int64(7): np.int64(158), np.int64(8): np.int64(514)}, 1: {np.int64(0): np.int64(118), np.int64(1): np.int64(66), np.int64(2): np.int64(544), np.int64(3): np.int64(782), np.int64(4): np.int64(489), np.int64(5): np.int64(379), np.int64(6): np.int64(364)}, 2: {np.int64(0): np.int64(131), np.int64(1): np.int64(101), np.int64(2): np.int64(54), np.int64(3): np.int64(53), np.int64(4): np.int64(208), np.int64(5): np.int64(167), np.int64(6): np.int64(96), np.int64(7): np.int64(407), np.int64(8): np.int64(7), np.int64(9): np.int64(484)}}
01-29 17:43 INFO     Initializing nets
01-29 17:43 INFO     in comm round:0
01-29 17:43 INFO     Training network 0. n_training: 2875
01-29 17:43 INFO     Training network 0
01-29 17:43 INFO     n_training: 11
01-29 17:43 INFO     n_test: 26
01-29 17:44 INFO     Epoch: 0 Loss: -5.303094
01-29 17:44 INFO     Epoch: 1 Loss: -8.888500
01-29 17:45 INFO     Epoch: 2 Loss: -9.220025
01-29 17:45 INFO      ** Training complete **
01-29 17:45 INFO     Training network 1. n_training: 2742
01-29 17:45 INFO     Training network 1
01-29 17:45 INFO     n_training: 10
01-29 17:45 INFO     n_test: 26
01-29 17:45 INFO     Epoch: 0 Loss: -4.981574
01-29 17:46 INFO     Epoch: 1 Loss: -8.862026
01-29 17:46 INFO     Epoch: 2 Loss: -9.249792
01-29 17:46 INFO      ** Training complete **
01-29 17:46 INFO     Training network 2. n_training: 1708
01-29 17:46 INFO     Training network 2
01-29 17:46 INFO     n_training: 6
01-29 17:46 INFO     n_test: 26
01-29 17:46 INFO     Epoch: 0 Loss: -3.000505
01-29 17:47 INFO     Epoch: 1 Loss: -8.193749
01-29 17:47 INFO     Epoch: 2 Loss: -9.071431
01-29 17:47 INFO      ** Training complete **
01-29 17:50 INFO     >> Global Model Test accuracy Top1: 25.457130
01-29 17:50 INFO     >> Global Model Test accuracy Top5: 71.227720
01-29 17:50 INFO     in comm round:1
01-29 17:50 INFO     Training network 0. n_training: 2875
01-29 17:50 INFO     Training network 0
01-29 17:50 INFO     n_training: 11
01-29 17:50 INFO     n_test: 26
01-29 17:51 INFO     Epoch: 0 Loss: -2.022137
01-29 17:52 INFO     Epoch: 1 Loss: -9.286188
01-29 17:52 INFO     Epoch: 2 Loss: -13.101897
01-29 17:52 INFO      ** Training complete **
01-29 17:52 INFO     Training network 1. n_training: 2742
01-29 17:52 INFO     Training network 1
01-29 17:52 INFO     n_training: 10
01-29 17:52 INFO     n_test: 26
01-29 17:52 INFO     Epoch: 0 Loss: -1.595730
01-29 17:53 INFO     Epoch: 1 Loss: -8.490416
01-29 17:54 INFO     Epoch: 2 Loss: -12.318293
01-29 17:54 INFO      ** Training complete **
01-29 17:54 INFO     Training network 2. n_training: 1708
01-29 17:54 INFO     Training network 2
01-29 17:54 INFO     n_training: 6
01-29 17:54 INFO     n_test: 26
01-29 17:54 INFO     Epoch: 0 Loss: -0.575841
01-29 17:55 INFO     Epoch: 1 Loss: -3.958065
01-29 17:56 INFO     Epoch: 2 Loss: -8.688504
01-29 17:56 INFO      ** Training complete **
01-29 18:01 INFO     >> Global Model Test accuracy Top1: 20.048402
01-29 18:01 INFO     >> Global Model Test accuracy Top5: 65.742163
01-29 18:01 INFO     in comm round:2
01-29 18:01 INFO     Training network 0. n_training: 2875
01-29 18:01 INFO     Training network 0
01-29 18:01 INFO     n_training: 11
01-29 18:01 INFO     n_test: 26
01-29 18:01 INFO     Epoch: 0 Loss: -13.240539
01-29 18:02 INFO     Epoch: 1 Loss: -16.080204
01-29 18:03 INFO     Epoch: 2 Loss: -15.595875
01-29 18:03 INFO      ** Training complete **
01-29 18:03 INFO     Training network 1. n_training: 2742
01-29 18:03 INFO     Training network 1
01-29 18:03 INFO     n_training: 10
01-29 18:03 INFO     n_test: 26
01-29 18:04 INFO     Epoch: 0 Loss: -13.145337
01-29 18:05 INFO     Epoch: 1 Loss: -15.848477
01-29 18:06 INFO     Epoch: 2 Loss: -15.732389
01-29 18:06 INFO      ** Training complete **
01-29 18:06 INFO     Training network 2. n_training: 1708
01-29 18:06 INFO     Training network 2
01-29 18:06 INFO     n_training: 6
01-29 18:06 INFO     n_test: 26
01-29 18:07 INFO     Epoch: 0 Loss: -13.077185
01-29 18:07 INFO     Epoch: 1 Loss: -14.716285
01-29 18:08 INFO     Epoch: 2 Loss: -15.639905
01-29 18:08 INFO      ** Training complete **
01-29 18:11 INFO     >> Global Model Test accuracy Top1: 19.587431
01-29 18:11 INFO     >> Global Model Test accuracy Top5: 65.646128
